0 verbose cli /opt/homebrew/Cellar/node/24.4.1/bin/node /opt/homebrew/bin/npm
1 info using npm@11.4.2
2 info using node@v24.4.1
3 silly config load:file:/opt/homebrew/lib/node_modules/npm/npmrc
4 silly config load:file:/Users/parkjongsun/Repository/vibe2/.npmrc
5 silly config load:file:/Users/parkjongsun/.npmrc
6 silly config load:file:/Users/parkjongsun/.npm-global/etc/npmrc
7 verbose title npm create vite@latest . --template react-ts
8 verbose argv "create" "vite@latest" "." "--" "--template" "react-ts"
9 verbose logfile logs-max:10 dir:/Users/parkjongsun/Repository/vibe2/.npm-cache/_logs/2026-01-22T07_07_04_518Z-
10 verbose logfile /Users/parkjongsun/Repository/vibe2/.npm-cache/_logs/2026-01-22T07_07_04_518Z-debug-0.log
11 silly logfile done cleaning log files
12 silly packumentCache heap:4496293888 maxSize:1124073472 maxEntrySize:562036736
13 http fetch GET 200 https://registry.npmjs.org/create-vite 80ms (cache miss)
14 silly packumentCache heap:4496293888 maxSize:1124073472 maxEntrySize:562036736
15 warn exec The following package was not found and will be installed: create-vite@8.2.0
16 silly idealTree buildDeps
17 silly fetch manifest create-vite@8.2.0
18 silly packumentCache full:https://registry.npmjs.org/create-vite cache-miss
19 http fetch GET 200 https://registry.npmjs.org/create-vite 27ms (cache miss)
20 silly packumentCache full:https://registry.npmjs.org/create-vite set size:undefined disposed:false
21 silly placeDep ROOT create-vite@8.2.0 OK for:  want: 8.2.0
22 silly reify moves {}
23 silly audit bulk request { 'create-vite': [ '8.2.0' ] }
24 http cache create-vite@https://registry.npmjs.org/create-vite/-/create-vite-8.2.0.tgz 0ms (cache hit)
25 silly tarball no local data for create-vite@https://registry.npmjs.org/create-vite/-/create-vite-8.2.0.tgz. Extracting by manifest.
26 http fetch GET 200 https://registry.npmjs.org/create-vite/-/create-vite-8.2.0.tgz 105ms (cache miss)
27 http fetch POST 200 https://registry.npmjs.org/-/npm/v1/security/advisories/bulk 148ms
28 silly audit report {}
29 verbose cwd /Users/parkjongsun/Repository/vibe2
30 verbose os Darwin 25.2.0
31 verbose node v24.4.1
32 verbose npm  v11.4.2
33 verbose exit 0
34 info ok
