0 verbose cli /opt/homebrew/Cellar/node/24.4.1/bin/node /opt/homebrew/bin/npm
1 info using npm@11.4.2
2 info using node@v24.4.1
3 silly config load:file:/opt/homebrew/lib/node_modules/npm/npmrc
4 silly config load:file:/Users/parkjongsun/Repository/vibe2/.npmrc
5 silly config load:file:/Users/parkjongsun/.npmrc
6 silly config load:file:/Users/parkjongsun/.npm-global/etc/npmrc
7 verbose title npm install
8 verbose argv "install"
9 verbose logfile logs-max:10 dir:/Users/parkjongsun/Repository/vibe2/.npm-cache/_logs/2026-01-22T09_06_10_798Z-
10 verbose logfile /Users/parkjongsun/Repository/vibe2/.npm-cache/_logs/2026-01-22T09_06_10_798Z-debug-0.log
11 silly logfile start cleaning logs, removing 1 files
12 silly packumentCache heap:4496293888 maxSize:1124073472 maxEntrySize:562036736
13 silly logfile done cleaning log files
14 silly idealTree buildDeps
15 silly reify moves {}
16 silly audit bulk request {
16 silly audit   '@babel/code-frame': [ '7.28.6' ],
16 silly audit   '@babel/compat-data': [ '7.28.6' ],
16 silly audit   '@babel/core': [ '7.28.6' ],
16 silly audit   '@babel/generator': [ '7.28.6' ],
16 silly audit   '@babel/helper-compilation-targets': [ '7.28.6' ],
16 silly audit   '@babel/helper-globals': [ '7.28.0' ],
16 silly audit   '@babel/helper-module-imports': [ '7.28.6' ],
16 silly audit   '@babel/helper-module-transforms': [ '7.28.6' ],
16 silly audit   '@babel/helper-plugin-utils': [ '7.28.6' ],
16 silly audit   '@babel/helper-string-parser': [ '7.27.1' ],
16 silly audit   '@babel/helper-validator-identifier': [ '7.28.5' ],
16 silly audit   '@babel/helper-validator-option': [ '7.27.1' ],
16 silly audit   '@babel/helpers': [ '7.28.6' ],
16 silly audit   '@babel/parser': [ '7.28.6' ],
16 silly audit   '@babel/plugin-transform-react-jsx-self': [ '7.27.1' ],
16 silly audit   '@babel/plugin-transform-react-jsx-source': [ '7.27.1' ],
16 silly audit   '@babel/template': [ '7.28.6' ],
16 silly audit   '@babel/traverse': [ '7.28.6' ],
16 silly audit   '@babel/types': [ '7.28.6' ],
16 silly audit   '@emotion/is-prop-valid': [ '1.4.0' ],
16 silly audit   '@emotion/memoize': [ '0.9.0' ],
16 silly audit   '@emotion/unitless': [ '0.10.0' ],
16 silly audit   '@esbuild/aix-ppc64': [ '0.25.12' ],
16 silly audit   '@esbuild/android-arm': [ '0.25.12' ],
16 silly audit   '@esbuild/android-arm64': [ '0.25.12' ],
16 silly audit   '@esbuild/android-x64': [ '0.25.12' ],
16 silly audit   '@esbuild/darwin-arm64': [ '0.25.12' ],
16 silly audit   '@esbuild/darwin-x64': [ '0.25.12' ],
16 silly audit   '@esbuild/freebsd-arm64': [ '0.25.12' ],
16 silly audit   '@esbuild/freebsd-x64': [ '0.25.12' ],
16 silly audit   '@esbuild/linux-arm': [ '0.25.12' ],
16 silly audit   '@esbuild/linux-arm64': [ '0.25.12' ],
16 silly audit   '@esbuild/linux-ia32': [ '0.25.12' ],
16 silly audit   '@esbuild/linux-loong64': [ '0.25.12' ],
16 silly audit   '@esbuild/linux-mips64el': [ '0.25.12' ],
16 silly audit   '@esbuild/linux-ppc64': [ '0.25.12' ],
16 silly audit   '@esbuild/linux-riscv64': [ '0.25.12' ],
16 silly audit   '@esbuild/linux-s390x': [ '0.25.12' ],
16 silly audit   '@esbuild/linux-x64': [ '0.25.12' ],
16 silly audit   '@esbuild/netbsd-arm64': [ '0.25.12' ],
16 silly audit   '@esbuild/netbsd-x64': [ '0.25.12' ],
16 silly audit   '@esbuild/openbsd-arm64': [ '0.25.12' ],
16 silly audit   '@esbuild/openbsd-x64': [ '0.25.12' ],
16 silly audit   '@esbuild/openharmony-arm64': [ '0.25.12' ],
16 silly audit   '@esbuild/sunos-x64': [ '0.25.12' ],
16 silly audit   '@esbuild/win32-arm64': [ '0.25.12' ],
16 silly audit   '@esbuild/win32-ia32': [ '0.25.12' ],
16 silly audit   '@esbuild/win32-x64': [ '0.25.12' ],
16 silly audit   '@eslint-community/eslint-utils': [ '4.9.1' ],
16 silly audit   'eslint-visitor-keys': [ '3.4.3', '4.2.1' ],
16 silly audit   '@eslint-community/regexpp': [ '4.12.2' ],
16 silly audit   '@eslint/config-array': [ '0.21.1' ],
16 silly audit   '@eslint/config-helpers': [ '0.4.2' ],
16 silly audit   '@eslint/core': [ '0.17.0' ],
16 silly audit   '@eslint/eslintrc': [ '3.3.3' ],
16 silly audit   globals: [ '14.0.0', '15.15.0' ],
16 silly audit   '@eslint/js': [ '9.39.2' ],
16 silly audit   '@eslint/object-schema': [ '2.1.7' ],
16 silly audit   '@eslint/plugin-kit': [ '0.4.1' ],
16 silly audit   '@humanfs/core': [ '0.19.1' ],
16 silly audit   '@humanfs/node': [ '0.16.7' ],
16 silly audit   '@humanwhocodes/module-importer': [ '1.0.1' ],
16 silly audit   '@humanwhocodes/retry': [ '0.4.3' ],
16 silly audit   '@jridgewell/gen-mapping': [ '0.3.13' ],
16 silly audit   '@jridgewell/remapping': [ '2.3.5' ],
16 silly audit   '@jridgewell/resolve-uri': [ '3.1.2' ],
16 silly audit   '@jridgewell/sourcemap-codec': [ '1.5.5' ],
16 silly audit   '@jridgewell/trace-mapping': [ '0.3.31' ],
16 silly audit   '@remix-run/router': [ '1.23.2' ],
16 silly audit   '@rolldown/pluginutils': [ '1.0.0-beta.27' ],
16 silly audit   '@rollup/rollup-android-arm-eabi': [ '4.56.0' ],
16 silly audit   '@rollup/rollup-android-arm64': [ '4.56.0' ],
16 silly audit   '@rollup/rollup-darwin-arm64': [ '4.56.0' ],
16 silly audit   '@rollup/rollup-darwin-x64': [ '4.56.0' ],
16 silly audit   '@rollup/rollup-freebsd-arm64': [ '4.56.0' ],
16 silly audit   '@rollup/rollup-freebsd-x64': [ '4.56.0' ],
16 silly audit   '@rollup/rollup-linux-arm-gnueabihf': [ '4.56.0' ],
16 silly audit   '@rollup/rollup-linux-arm-musleabihf': [ '4.56.0' ],
16 silly audit   '@rollup/rollup-linux-arm64-gnu': [ '4.56.0' ],
16 silly audit   '@rollup/rollup-linux-arm64-musl': [ '4.56.0' ],
16 silly audit   '@rollup/rollup-linux-loong64-gnu': [ '4.56.0' ],
16 silly audit   '@rollup/rollup-linux-loong64-musl': [ '4.56.0' ],
16 silly audit   '@rollup/rollup-linux-ppc64-gnu': [ '4.56.0' ],
16 silly audit   '@rollup/rollup-linux-ppc64-musl': [ '4.56.0' ],
16 silly audit   '@rollup/rollup-linux-riscv64-gnu': [ '4.56.0' ],
16 silly audit   '@rollup/rollup-linux-riscv64-musl': [ '4.56.0' ],
16 silly audit   '@rollup/rollup-linux-s390x-gnu': [ '4.56.0' ],
16 silly audit   '@rollup/rollup-linux-x64-gnu': [ '4.56.0' ],
16 silly audit   '@rollup/rollup-linux-x64-musl': [ '4.56.0' ],
16 silly audit   '@rollup/rollup-openbsd-x64': [ '4.56.0' ],
16 silly audit   '@rollup/rollup-openharmony-arm64': [ '4.56.0' ],
16 silly audit   '@rollup/rollup-win32-arm64-msvc': [ '4.56.0' ],
16 silly audit   '@rollup/rollup-win32-ia32-msvc': [ '4.56.0' ],
16 silly audit   '@rollup/rollup-win32-x64-gnu': [ '4.56.0' ],
16 silly audit   '@rollup/rollup-win32-x64-msvc': [ '4.56.0' ],
16 silly audit   '@types/babel__core': [ '7.20.5' ],
16 silly audit   '@types/babel__generator': [ '7.27.0' ],
16 silly audit   '@types/babel__template': [ '7.4.4' ],
16 silly audit   '@types/babel__traverse': [ '7.28.0' ],
16 silly audit   '@types/estree': [ '1.0.8' ],
16 silly audit   '@types/hoist-non-react-statics': [ '3.3.7' ],
16 silly audit   '@types/json-schema': [ '7.0.15' ],
16 silly audit   '@types/prop-types': [ '15.7.15' ],
16 silly audit   '@types/react': [ '18.3.27' ],
16 silly audit   '@types/react-dom': [ '18.3.7' ],
16 silly audit   '@types/styled-components': [ '5.1.36' ],
16 silly audit   '@types/stylis': [ '4.2.7' ],
16 silly audit   '@typescript-eslint/eslint-plugin': [ '8.53.1' ],
16 silly audit   ignore: [ '7.0.5', '5.3.2' ],
16 silly audit   '@typescript-eslint/parser': [ '8.53.1' ],
16 silly audit   '@typescript-eslint/project-service': [ '8.53.1' ],
16 silly audit   '@typescript-eslint/scope-manager': [ '8.53.1' ],
16 silly audit   '@typescript-eslint/tsconfig-utils': [ '8.53.1' ],
16 silly audit   '@typescript-eslint/type-utils': [ '8.53.1' ],
16 silly audit   '@typescript-eslint/types': [ '8.53.1' ],
16 silly audit   '@typescript-eslint/typescript-estree': [ '8.53.1' ],
16 silly audit   'brace-expansion': [ '2.0.2', '1.1.12' ],
16 silly audit   minimatch: [ '9.0.5', '3.1.2' ],
16 silly audit   semver: [ '7.7.3', '6.3.1' ],
16 silly audit   '@typescript-eslint/utils': [ '8.53.1' ],
16 silly audit   '@typescript-eslint/visitor-keys': [ '8.53.1' ],
16 silly audit   '@vitejs/plugin-basic-ssl': [ '2.1.4' ],
16 silly audit   '@vitejs/plugin-react': [ '4.7.0' ],
16 silly audit   acorn: [ '8.15.0' ],
16 silly audit   'acorn-jsx': [ '5.3.2' ],
16 silly audit   ajv: [ '6.12.6' ],
16 silly audit   'ansi-styles': [ '4.3.0' ],
16 silly audit   argparse: [ '2.0.1' ],
16 silly audit   'balanced-match': [ '1.0.2' ],
16 silly audit   'baseline-browser-mapping': [ '2.9.17' ],
16 silly audit   browserslist: [ '4.28.1' ],
16 silly audit   callsites: [ '3.1.0' ],
16 silly audit   camelize: [ '1.0.1' ],
16 silly audit   'caniuse-lite': [ '1.0.30001765' ],
16 silly audit   chalk: [ '4.1.2' ],
16 silly audit   'color-convert': [ '2.0.1' ],
16 silly audit   'color-name': [ '1.1.4' ],
16 silly audit   'concat-map': [ '0.0.1' ],
16 silly audit   'convert-source-map': [ '2.0.0' ],
16 silly audit   'cross-spawn': [ '7.0.6' ],
16 silly audit   'css-color-keywords': [ '1.0.0' ],
16 silly audit   'css-to-react-native': [ '3.2.0' ],
16 silly audit   csstype: [ '3.2.3' ],
16 silly audit   debug: [ '4.4.3' ],
16 silly audit   'deep-is': [ '0.1.4' ],
16 silly audit   'electron-to-chromium': [ '1.5.267' ],
16 silly audit   esbuild: [ '0.25.12' ],
16 silly audit   escalade: [ '3.2.0' ],
16 silly audit   'escape-string-regexp': [ '4.0.0' ],
16 silly audit   eslint: [ '9.39.2' ],
16 silly audit   'eslint-plugin-react-hooks': [ '5.2.0' ],
16 silly audit   'eslint-plugin-react-refresh': [ '0.4.26' ],
16 silly audit   'eslint-scope': [ '8.4.0' ],
16 silly audit   espree: [ '10.4.0' ],
16 silly audit   esquery: [ '1.7.0' ],
16 silly audit   esrecurse: [ '4.3.0' ],
16 silly audit   estraverse: [ '5.3.0' ],
16 silly audit   esutils: [ '2.0.3' ],
16 silly audit   'fast-deep-equal': [ '3.1.3' ],
16 silly audit   'fast-json-stable-stringify': [ '2.1.0' ],
16 silly audit   'fast-levenshtein': [ '2.0.6' ],
16 silly audit   fdir: [ '6.5.0' ],
16 silly audit   'file-entry-cache': [ '8.0.0' ],
16 silly audit   'find-up': [ '5.0.0' ],
16 silly audit   'flat-cache': [ '4.0.1' ],
16 silly audit   flatted: [ '3.3.3' ],
16 silly audit   fsevents: [ '2.3.3' ],
16 silly audit   gensync: [ '1.0.0-beta.2' ],
16 silly audit   'glob-parent': [ '6.0.2' ],
16 silly audit   'has-flag': [ '4.0.0' ],
16 silly audit   'hoist-non-react-statics': [ '3.3.2' ],
16 silly audit   'import-fresh': [ '3.3.1' ],
16 silly audit   imurmurhash: [ '0.1.4' ],
16 silly audit   'is-extglob': [ '2.1.1' ],
16 silly audit   'is-glob': [ '4.0.3' ],
16 silly audit   isexe: [ '2.0.0' ],
16 silly audit   'js-tokens': [ '4.0.0' ],
16 silly audit   'js-yaml': [ '4.1.1' ],
16 silly audit   jsesc: [ '3.1.0' ],
16 silly audit   'json-buffer': [ '3.0.1' ],
16 silly audit   'json-schema-traverse': [ '0.4.1' ],
16 silly audit   'json-stable-stringify-without-jsonify': [ '1.0.1' ],
16 silly audit   json5: [ '2.2.3' ],
16 silly audit   keyv: [ '4.5.4' ],
16 silly audit   levn: [ '0.4.1' ],
16 silly audit   'locate-path': [ '6.0.0' ],
16 silly audit   'lodash.merge': [ '4.6.2' ],
16 silly audit   'loose-envify': [ '1.4.0' ],
16 silly audit   'lru-cache': [ '5.1.1' ],
16 silly audit   ms: [ '2.1.3' ],
16 silly audit   nanoid: [ '3.3.11' ],
16 silly audit   'natural-compare': [ '1.4.0' ],
16 silly audit   'node-releases': [ '2.0.27' ],
16 silly audit   optionator: [ '0.9.4' ],
16 silly audit   'p-limit': [ '3.1.0' ],
16 silly audit   'p-locate': [ '5.0.0' ],
16 silly audit   'parent-module': [ '1.0.1' ],
16 silly audit   'path-exists': [ '4.0.0' ],
16 silly audit   'path-key': [ '3.1.1' ],
16 silly audit   picocolors: [ '1.1.1' ],
16 silly audit   picomatch: [ '4.0.3' ],
16 silly audit   postcss: [ '8.4.49', '8.5.6' ],
16 silly audit   'postcss-value-parser': [ '4.2.0' ],
16 silly audit   'prelude-ls': [ '1.2.1' ],
16 silly audit   punycode: [ '2.3.1' ],
16 silly audit   react: [ '18.3.1' ],
16 silly audit   'react-dom': [ '18.3.1' ],
16 silly audit   'react-is': [ '16.13.1' ],
16 silly audit   'react-refresh': [ '0.17.0' ],
16 silly audit   'react-router': [ '6.30.3' ],
16 silly audit   'react-router-dom': [ '6.30.3' ],
16 silly audit   'resolve-from': [ '4.0.0' ],
16 silly audit   rollup: [ '4.56.0' ],
16 silly audit   scheduler: [ '0.23.2' ],
16 silly audit   shallowequal: [ '1.1.0' ],
16 silly audit   'shebang-command': [ '2.0.0' ],
16 silly audit   'shebang-regex': [ '3.0.0' ],
16 silly audit   'source-map-js': [ '1.2.1' ],
16 silly audit   'strip-json-comments': [ '3.1.1' ],
16 silly audit   'styled-components': [ '6.3.8' ],
16 silly audit   stylis: [ '4.3.6' ],
16 silly audit   'supports-color': [ '7.2.0' ],
16 silly audit   tinyglobby: [ '0.2.15' ],
16 silly audit   'ts-api-utils': [ '2.4.0' ],
16 silly audit   tslib: [ '2.8.1' ],
16 silly audit   'type-check': [ '0.4.0' ],
16 silly audit   typescript: [ '5.6.3' ],
16 silly audit   'typescript-eslint': [ '8.53.1' ],
16 silly audit   'update-browserslist-db': [ '1.2.3' ],
16 silly audit   'uri-js': [ '4.4.1' ],
16 silly audit   vite: [ '6.4.1' ],
16 silly audit   which: [ '2.0.2' ],
16 silly audit   'word-wrap': [ '1.2.5' ],
16 silly audit   yallist: [ '3.1.1' ],
16 silly audit   'yocto-queue': [ '0.1.0' ]
16 silly audit }
17 verbose reify failed optional dependency /Users/parkjongsun/Repository/vibe2/node_modules/@rollup/rollup-win32-x64-msvc
18 silly reify mark deleted [
18 silly reify   '/Users/parkjongsun/Repository/vibe2/node_modules/@rollup/rollup-win32-x64-msvc'
18 silly reify ]
19 verbose reify failed optional dependency /Users/parkjongsun/Repository/vibe2/node_modules/@rollup/rollup-win32-x64-gnu
20 silly reify mark deleted [
20 silly reify   '/Users/parkjongsun/Repository/vibe2/node_modules/@rollup/rollup-win32-x64-gnu'
20 silly reify ]
21 verbose reify failed optional dependency /Users/parkjongsun/Repository/vibe2/node_modules/@rollup/rollup-win32-ia32-msvc
22 silly reify mark deleted [
22 silly reify   '/Users/parkjongsun/Repository/vibe2/node_modules/@rollup/rollup-win32-ia32-msvc'
22 silly reify ]
23 verbose reify failed optional dependency /Users/parkjongsun/Repository/vibe2/node_modules/@rollup/rollup-win32-arm64-msvc
24 silly reify mark deleted [
24 silly reify   '/Users/parkjongsun/Repository/vibe2/node_modules/@rollup/rollup-win32-arm64-msvc'
24 silly reify ]
25 verbose reify failed optional dependency /Users/parkjongsun/Repository/vibe2/node_modules/@rollup/rollup-openharmony-arm64
26 silly reify mark deleted [
26 silly reify   '/Users/parkjongsun/Repository/vibe2/node_modules/@rollup/rollup-openharmony-arm64'
26 silly reify ]
27 verbose reify failed optional dependency /Users/parkjongsun/Repository/vibe2/node_modules/@rollup/rollup-openbsd-x64
28 silly reify mark deleted [
28 silly reify   '/Users/parkjongsun/Repository/vibe2/node_modules/@rollup/rollup-openbsd-x64'
28 silly reify ]
29 verbose reify failed optional dependency /Users/parkjongsun/Repository/vibe2/node_modules/@rollup/rollup-linux-x64-musl
30 silly reify mark deleted [
30 silly reify   '/Users/parkjongsun/Repository/vibe2/node_modules/@rollup/rollup-linux-x64-musl'
30 silly reify ]
31 verbose reify failed optional dependency /Users/parkjongsun/Repository/vibe2/node_modules/@rollup/rollup-linux-x64-gnu
32 silly reify mark deleted [
32 silly reify   '/Users/parkjongsun/Repository/vibe2/node_modules/@rollup/rollup-linux-x64-gnu'
32 silly reify ]
33 verbose reify failed optional dependency /Users/parkjongsun/Repository/vibe2/node_modules/@rollup/rollup-linux-s390x-gnu
34 silly reify mark deleted [
34 silly reify   '/Users/parkjongsun/Repository/vibe2/node_modules/@rollup/rollup-linux-s390x-gnu'
34 silly reify ]
35 verbose reify failed optional dependency /Users/parkjongsun/Repository/vibe2/node_modules/@rollup/rollup-linux-riscv64-musl
36 silly reify mark deleted [
36 silly reify   '/Users/parkjongsun/Repository/vibe2/node_modules/@rollup/rollup-linux-riscv64-musl'
36 silly reify ]
37 verbose reify failed optional dependency /Users/parkjongsun/Repository/vibe2/node_modules/@rollup/rollup-linux-riscv64-gnu
38 silly reify mark deleted [
38 silly reify   '/Users/parkjongsun/Repository/vibe2/node_modules/@rollup/rollup-linux-riscv64-gnu'
38 silly reify ]
39 verbose reify failed optional dependency /Users/parkjongsun/Repository/vibe2/node_modules/@rollup/rollup-linux-ppc64-musl
40 silly reify mark deleted [
40 silly reify   '/Users/parkjongsun/Repository/vibe2/node_modules/@rollup/rollup-linux-ppc64-musl'
40 silly reify ]
41 verbose reify failed optional dependency /Users/parkjongsun/Repository/vibe2/node_modules/@rollup/rollup-linux-ppc64-gnu
42 silly reify mark deleted [
42 silly reify   '/Users/parkjongsun/Repository/vibe2/node_modules/@rollup/rollup-linux-ppc64-gnu'
42 silly reify ]
43 verbose reify failed optional dependency /Users/parkjongsun/Repository/vibe2/node_modules/@rollup/rollup-linux-loong64-musl
44 silly reify mark deleted [
44 silly reify   '/Users/parkjongsun/Repository/vibe2/node_modules/@rollup/rollup-linux-loong64-musl'
44 silly reify ]
45 verbose reify failed optional dependency /Users/parkjongsun/Repository/vibe2/node_modules/@rollup/rollup-linux-loong64-gnu
46 silly reify mark deleted [
46 silly reify   '/Users/parkjongsun/Repository/vibe2/node_modules/@rollup/rollup-linux-loong64-gnu'
46 silly reify ]
47 verbose reify failed optional dependency /Users/parkjongsun/Repository/vibe2/node_modules/@rollup/rollup-linux-arm64-musl
48 silly reify mark deleted [
48 silly reify   '/Users/parkjongsun/Repository/vibe2/node_modules/@rollup/rollup-linux-arm64-musl'
48 silly reify ]
49 verbose reify failed optional dependency /Users/parkjongsun/Repository/vibe2/node_modules/@rollup/rollup-linux-arm64-gnu
50 silly reify mark deleted [
50 silly reify   '/Users/parkjongsun/Repository/vibe2/node_modules/@rollup/rollup-linux-arm64-gnu'
50 silly reify ]
51 verbose reify failed optional dependency /Users/parkjongsun/Repository/vibe2/node_modules/@rollup/rollup-linux-arm-musleabihf
52 silly reify mark deleted [
52 silly reify   '/Users/parkjongsun/Repository/vibe2/node_modules/@rollup/rollup-linux-arm-musleabihf'
52 silly reify ]
53 verbose reify failed optional dependency /Users/parkjongsun/Repository/vibe2/node_modules/@rollup/rollup-linux-arm-gnueabihf
54 silly reify mark deleted [
54 silly reify   '/Users/parkjongsun/Repository/vibe2/node_modules/@rollup/rollup-linux-arm-gnueabihf'
54 silly reify ]
55 verbose reify failed optional dependency /Users/parkjongsun/Repository/vibe2/node_modules/@rollup/rollup-freebsd-x64
56 silly reify mark deleted [
56 silly reify   '/Users/parkjongsun/Repository/vibe2/node_modules/@rollup/rollup-freebsd-x64'
56 silly reify ]
57 verbose reify failed optional dependency /Users/parkjongsun/Repository/vibe2/node_modules/@rollup/rollup-freebsd-arm64
58 silly reify mark deleted [
58 silly reify   '/Users/parkjongsun/Repository/vibe2/node_modules/@rollup/rollup-freebsd-arm64'
58 silly reify ]
59 verbose reify failed optional dependency /Users/parkjongsun/Repository/vibe2/node_modules/@rollup/rollup-darwin-x64
60 silly reify mark deleted [
60 silly reify   '/Users/parkjongsun/Repository/vibe2/node_modules/@rollup/rollup-darwin-x64'
60 silly reify ]
61 verbose reify failed optional dependency /Users/parkjongsun/Repository/vibe2/node_modules/@rollup/rollup-android-arm64
62 silly reify mark deleted [
62 silly reify   '/Users/parkjongsun/Repository/vibe2/node_modules/@rollup/rollup-android-arm64'
62 silly reify ]
63 verbose reify failed optional dependency /Users/parkjongsun/Repository/vibe2/node_modules/@rollup/rollup-android-arm-eabi
64 silly reify mark deleted [
64 silly reify   '/Users/parkjongsun/Repository/vibe2/node_modules/@rollup/rollup-android-arm-eabi'
64 silly reify ]
65 verbose reify failed optional dependency /Users/parkjongsun/Repository/vibe2/node_modules/@esbuild/win32-x64
66 silly reify mark deleted [
66 silly reify   '/Users/parkjongsun/Repository/vibe2/node_modules/@esbuild/win32-x64'
66 silly reify ]
67 verbose reify failed optional dependency /Users/parkjongsun/Repository/vibe2/node_modules/@esbuild/win32-ia32
68 silly reify mark deleted [
68 silly reify   '/Users/parkjongsun/Repository/vibe2/node_modules/@esbuild/win32-ia32'
68 silly reify ]
69 verbose reify failed optional dependency /Users/parkjongsun/Repository/vibe2/node_modules/@esbuild/win32-arm64
70 silly reify mark deleted [
70 silly reify   '/Users/parkjongsun/Repository/vibe2/node_modules/@esbuild/win32-arm64'
70 silly reify ]
71 verbose reify failed optional dependency /Users/parkjongsun/Repository/vibe2/node_modules/@esbuild/sunos-x64
72 silly reify mark deleted [
72 silly reify   '/Users/parkjongsun/Repository/vibe2/node_modules/@esbuild/sunos-x64'
72 silly reify ]
73 verbose reify failed optional dependency /Users/parkjongsun/Repository/vibe2/node_modules/@esbuild/openharmony-arm64
74 silly reify mark deleted [
74 silly reify   '/Users/parkjongsun/Repository/vibe2/node_modules/@esbuild/openharmony-arm64'
74 silly reify ]
75 verbose reify failed optional dependency /Users/parkjongsun/Repository/vibe2/node_modules/@esbuild/openbsd-x64
76 silly reify mark deleted [
76 silly reify   '/Users/parkjongsun/Repository/vibe2/node_modules/@esbuild/openbsd-x64'
76 silly reify ]
77 verbose reify failed optional dependency /Users/parkjongsun/Repository/vibe2/node_modules/@esbuild/openbsd-arm64
78 silly reify mark deleted [
78 silly reify   '/Users/parkjongsun/Repository/vibe2/node_modules/@esbuild/openbsd-arm64'
78 silly reify ]
79 verbose reify failed optional dependency /Users/parkjongsun/Repository/vibe2/node_modules/@esbuild/netbsd-x64
80 silly reify mark deleted [
80 silly reify   '/Users/parkjongsun/Repository/vibe2/node_modules/@esbuild/netbsd-x64'
80 silly reify ]
81 verbose reify failed optional dependency /Users/parkjongsun/Repository/vibe2/node_modules/@esbuild/netbsd-arm64
82 silly reify mark deleted [
82 silly reify   '/Users/parkjongsun/Repository/vibe2/node_modules/@esbuild/netbsd-arm64'
82 silly reify ]
83 verbose reify failed optional dependency /Users/parkjongsun/Repository/vibe2/node_modules/@esbuild/linux-x64
84 silly reify mark deleted [
84 silly reify   '/Users/parkjongsun/Repository/vibe2/node_modules/@esbuild/linux-x64'
84 silly reify ]
85 verbose reify failed optional dependency /Users/parkjongsun/Repository/vibe2/node_modules/@esbuild/linux-s390x
86 silly reify mark deleted [
86 silly reify   '/Users/parkjongsun/Repository/vibe2/node_modules/@esbuild/linux-s390x'
86 silly reify ]
87 verbose reify failed optional dependency /Users/parkjongsun/Repository/vibe2/node_modules/@esbuild/linux-riscv64
88 silly reify mark deleted [
88 silly reify   '/Users/parkjongsun/Repository/vibe2/node_modules/@esbuild/linux-riscv64'
88 silly reify ]
89 verbose reify failed optional dependency /Users/parkjongsun/Repository/vibe2/node_modules/@esbuild/linux-ppc64
90 silly reify mark deleted [
90 silly reify   '/Users/parkjongsun/Repository/vibe2/node_modules/@esbuild/linux-ppc64'
90 silly reify ]
91 verbose reify failed optional dependency /Users/parkjongsun/Repository/vibe2/node_modules/@esbuild/linux-mips64el
92 silly reify mark deleted [
92 silly reify   '/Users/parkjongsun/Repository/vibe2/node_modules/@esbuild/linux-mips64el'
92 silly reify ]
93 verbose reify failed optional dependency /Users/parkjongsun/Repository/vibe2/node_modules/@esbuild/linux-loong64
94 silly reify mark deleted [
94 silly reify   '/Users/parkjongsun/Repository/vibe2/node_modules/@esbuild/linux-loong64'
94 silly reify ]
95 verbose reify failed optional dependency /Users/parkjongsun/Repository/vibe2/node_modules/@esbuild/linux-ia32
96 silly reify mark deleted [
96 silly reify   '/Users/parkjongsun/Repository/vibe2/node_modules/@esbuild/linux-ia32'
96 silly reify ]
97 verbose reify failed optional dependency /Users/parkjongsun/Repository/vibe2/node_modules/@esbuild/linux-arm64
98 silly reify mark deleted [
98 silly reify   '/Users/parkjongsun/Repository/vibe2/node_modules/@esbuild/linux-arm64'
98 silly reify ]
99 verbose reify failed optional dependency /Users/parkjongsun/Repository/vibe2/node_modules/@esbuild/linux-arm
100 silly reify mark deleted [
100 silly reify   '/Users/parkjongsun/Repository/vibe2/node_modules/@esbuild/linux-arm'
100 silly reify ]
101 verbose reify failed optional dependency /Users/parkjongsun/Repository/vibe2/node_modules/@esbuild/freebsd-x64
102 silly reify mark deleted [
102 silly reify   '/Users/parkjongsun/Repository/vibe2/node_modules/@esbuild/freebsd-x64'
102 silly reify ]
103 verbose reify failed optional dependency /Users/parkjongsun/Repository/vibe2/node_modules/@esbuild/freebsd-arm64
104 silly reify mark deleted [
104 silly reify   '/Users/parkjongsun/Repository/vibe2/node_modules/@esbuild/freebsd-arm64'
104 silly reify ]
105 verbose reify failed optional dependency /Users/parkjongsun/Repository/vibe2/node_modules/@esbuild/darwin-x64
106 silly reify mark deleted [
106 silly reify   '/Users/parkjongsun/Repository/vibe2/node_modules/@esbuild/darwin-x64'
106 silly reify ]
107 verbose reify failed optional dependency /Users/parkjongsun/Repository/vibe2/node_modules/@esbuild/android-x64
108 silly reify mark deleted [
108 silly reify   '/Users/parkjongsun/Repository/vibe2/node_modules/@esbuild/android-x64'
108 silly reify ]
109 verbose reify failed optional dependency /Users/parkjongsun/Repository/vibe2/node_modules/@esbuild/android-arm64
110 silly reify mark deleted [
110 silly reify   '/Users/parkjongsun/Repository/vibe2/node_modules/@esbuild/android-arm64'
110 silly reify ]
111 verbose reify failed optional dependency /Users/parkjongsun/Repository/vibe2/node_modules/@esbuild/android-arm
112 silly reify mark deleted [
112 silly reify   '/Users/parkjongsun/Repository/vibe2/node_modules/@esbuild/android-arm'
112 silly reify ]
113 verbose reify failed optional dependency /Users/parkjongsun/Repository/vibe2/node_modules/@esbuild/aix-ppc64
114 silly reify mark deleted [
114 silly reify   '/Users/parkjongsun/Repository/vibe2/node_modules/@esbuild/aix-ppc64'
114 silly reify ]
115 http cache yallist@https://registry.npmjs.org/yallist/-/yallist-3.1.1.tgz 1ms (cache hit)
116 http cache yocto-queue@https://registry.npmjs.org/yocto-queue/-/yocto-queue-0.1.0.tgz 0ms (cache hit)
117 http cache word-wrap@https://registry.npmjs.org/word-wrap/-/word-wrap-1.2.5.tgz 0ms (cache hit)
118 http cache which@https://registry.npmjs.org/which/-/which-2.0.2.tgz 0ms (cache hit)
119 http cache vite@https://registry.npmjs.org/vite/-/vite-6.4.1.tgz 0ms (cache hit)
120 http cache uri-js@https://registry.npmjs.org/uri-js/-/uri-js-4.4.1.tgz 0ms (cache hit)
121 http cache update-browserslist-db@https://registry.npmjs.org/update-browserslist-db/-/update-browserslist-db-1.2.3.tgz 0ms (cache hit)
122 http cache typescript-eslint@https://registry.npmjs.org/typescript-eslint/-/typescript-eslint-8.53.1.tgz 0ms (cache hit)
123 http cache typescript@https://registry.npmjs.org/typescript/-/typescript-5.6.3.tgz 0ms (cache hit)
124 http cache tslib@https://registry.npmjs.org/tslib/-/tslib-2.8.1.tgz 0ms (cache hit)
125 http cache ts-api-utils@https://registry.npmjs.org/ts-api-utils/-/ts-api-utils-2.4.0.tgz 0ms (cache hit)
126 http cache stylis@https://registry.npmjs.org/stylis/-/stylis-4.3.6.tgz 0ms (cache hit)
127 http cache type-check@https://registry.npmjs.org/type-check/-/type-check-0.4.0.tgz 0ms (cache hit)
128 http cache tinyglobby@https://registry.npmjs.org/tinyglobby/-/tinyglobby-0.2.15.tgz 0ms (cache hit)
129 http cache styled-components@https://registry.npmjs.org/styled-components/-/styled-components-6.3.8.tgz 0ms (cache hit)
130 http cache source-map-js@https://registry.npmjs.org/source-map-js/-/source-map-js-1.2.1.tgz 0ms (cache hit)
131 http cache strip-json-comments@https://registry.npmjs.org/strip-json-comments/-/strip-json-comments-3.1.1.tgz 0ms (cache hit)
132 http cache shebang-regex@https://registry.npmjs.org/shebang-regex/-/shebang-regex-3.0.0.tgz 0ms (cache hit)
133 http cache semver@https://registry.npmjs.org/semver/-/semver-6.3.1.tgz 0ms (cache hit)
134 http cache shebang-command@https://registry.npmjs.org/shebang-command/-/shebang-command-2.0.0.tgz 0ms (cache hit)
135 http cache shallowequal@https://registry.npmjs.org/shallowequal/-/shallowequal-1.1.0.tgz 0ms (cache hit)
136 http cache rollup@https://registry.npmjs.org/rollup/-/rollup-4.56.0.tgz 0ms (cache hit)
137 http cache scheduler@https://registry.npmjs.org/scheduler/-/scheduler-0.23.2.tgz 0ms (cache hit)
138 http cache react-router@https://registry.npmjs.org/react-router/-/react-router-6.30.3.tgz 0ms (cache hit)
139 http cache resolve-from@https://registry.npmjs.org/resolve-from/-/resolve-from-4.0.0.tgz 0ms (cache hit)
140 http cache react-router-dom@https://registry.npmjs.org/react-router-dom/-/react-router-dom-6.30.3.tgz 0ms (cache hit)
141 http cache react-is@https://registry.npmjs.org/react-is/-/react-is-16.13.1.tgz 0ms (cache hit)
142 http cache react-dom@https://registry.npmjs.org/react-dom/-/react-dom-18.3.1.tgz 0ms (cache hit)
143 http cache react-refresh@https://registry.npmjs.org/react-refresh/-/react-refresh-0.17.0.tgz 0ms (cache hit)
144 http cache react@https://registry.npmjs.org/react/-/react-18.3.1.tgz 0ms (cache hit)
145 http cache punycode@https://registry.npmjs.org/punycode/-/punycode-2.3.1.tgz 0ms (cache hit)
146 http cache prelude-ls@https://registry.npmjs.org/prelude-ls/-/prelude-ls-1.2.1.tgz 0ms (cache hit)
147 http cache postcss@https://registry.npmjs.org/postcss/-/postcss-8.4.49.tgz 0ms (cache hit)
148 http cache supports-color@https://registry.npmjs.org/supports-color/-/supports-color-7.2.0.tgz 0ms (cache hit)
149 http cache postcss-value-parser@https://registry.npmjs.org/postcss-value-parser/-/postcss-value-parser-4.2.0.tgz 0ms (cache hit)
150 http cache picomatch@https://registry.npmjs.org/picomatch/-/picomatch-4.0.3.tgz 0ms (cache hit)
151 http cache picocolors@https://registry.npmjs.org/picocolors/-/picocolors-1.1.1.tgz 0ms (cache hit)
152 http cache path-exists@https://registry.npmjs.org/path-exists/-/path-exists-4.0.0.tgz 0ms (cache hit)
153 http cache parent-module@https://registry.npmjs.org/parent-module/-/parent-module-1.0.1.tgz 0ms (cache hit)
154 http cache p-limit@https://registry.npmjs.org/p-limit/-/p-limit-3.1.0.tgz 0ms (cache hit)
155 http cache path-key@https://registry.npmjs.org/path-key/-/path-key-3.1.1.tgz 0ms (cache hit)
156 http cache ms@https://registry.npmjs.org/ms/-/ms-2.1.3.tgz 0ms (cache hit)
157 http cache node-releases@https://registry.npmjs.org/node-releases/-/node-releases-2.0.27.tgz 0ms (cache hit)
158 http cache optionator@https://registry.npmjs.org/optionator/-/optionator-0.9.4.tgz 0ms (cache hit)
159 http cache nanoid@https://registry.npmjs.org/nanoid/-/nanoid-3.3.11.tgz 0ms (cache hit)
160 http cache minimatch@https://registry.npmjs.org/minimatch/-/minimatch-3.1.2.tgz 0ms (cache hit)
161 http cache natural-compare@https://registry.npmjs.org/natural-compare/-/natural-compare-1.4.0.tgz 0ms (cache hit)
162 http cache loose-envify@https://registry.npmjs.org/loose-envify/-/loose-envify-1.4.0.tgz 0ms (cache hit)
163 http cache lru-cache@https://registry.npmjs.org/lru-cache/-/lru-cache-5.1.1.tgz 0ms (cache hit)
164 http cache lodash.merge@https://registry.npmjs.org/lodash.merge/-/lodash.merge-4.6.2.tgz 0ms (cache hit)
165 http cache levn@https://registry.npmjs.org/levn/-/levn-0.4.1.tgz 0ms (cache hit)
166 http cache p-locate@https://registry.npmjs.org/p-locate/-/p-locate-5.0.0.tgz 0ms (cache hit)
167 http cache locate-path@https://registry.npmjs.org/locate-path/-/locate-path-6.0.0.tgz 0ms (cache hit)
168 http cache json5@https://registry.npmjs.org/json5/-/json5-2.2.3.tgz 0ms (cache hit)
169 http cache keyv@https://registry.npmjs.org/keyv/-/keyv-4.5.4.tgz 0ms (cache hit)
170 http cache json-buffer@https://registry.npmjs.org/json-buffer/-/json-buffer-3.0.1.tgz 0ms (cache hit)
171 http cache json-schema-traverse@https://registry.npmjs.org/json-schema-traverse/-/json-schema-traverse-0.4.1.tgz 0ms (cache hit)
172 http cache json-stable-stringify-without-jsonify@https://registry.npmjs.org/json-stable-stringify-without-jsonify/-/json-stable-stringify-without-jsonify-1.0.1.tgz 0ms (cache hit)
173 http cache js-yaml@https://registry.npmjs.org/js-yaml/-/js-yaml-4.1.1.tgz 0ms (cache hit)
174 http cache jsesc@https://registry.npmjs.org/jsesc/-/jsesc-3.1.0.tgz 0ms (cache hit)
175 http cache js-tokens@https://registry.npmjs.org/js-tokens/-/js-tokens-4.0.0.tgz 0ms (cache hit)
176 http cache isexe@https://registry.npmjs.org/isexe/-/isexe-2.0.0.tgz 0ms (cache hit)
177 http cache is-glob@https://registry.npmjs.org/is-glob/-/is-glob-4.0.3.tgz 0ms (cache hit)
178 http cache imurmurhash@https://registry.npmjs.org/imurmurhash/-/imurmurhash-0.1.4.tgz 0ms (cache hit)
179 http cache import-fresh@https://registry.npmjs.org/import-fresh/-/import-fresh-3.3.1.tgz 0ms (cache hit)
180 http cache hoist-non-react-statics@https://registry.npmjs.org/hoist-non-react-statics/-/hoist-non-react-statics-3.3.2.tgz 0ms (cache hit)
181 http cache is-extglob@https://registry.npmjs.org/is-extglob/-/is-extglob-2.1.1.tgz 0ms (cache hit)
182 http cache ignore@https://registry.npmjs.org/ignore/-/ignore-5.3.2.tgz 0ms (cache hit)
183 http cache glob-parent@https://registry.npmjs.org/glob-parent/-/glob-parent-6.0.2.tgz 0ms (cache hit)
184 http cache globals@https://registry.npmjs.org/globals/-/globals-15.15.0.tgz 0ms (cache hit)
185 http cache has-flag@https://registry.npmjs.org/has-flag/-/has-flag-4.0.0.tgz 0ms (cache hit)
186 http cache gensync@https://registry.npmjs.org/gensync/-/gensync-1.0.0-beta.2.tgz 0ms (cache hit)
187 http cache flatted@https://registry.npmjs.org/flatted/-/flatted-3.3.3.tgz 0ms (cache hit)
188 http cache find-up@https://registry.npmjs.org/find-up/-/find-up-5.0.0.tgz 0ms (cache hit)
189 http cache flat-cache@https://registry.npmjs.org/flat-cache/-/flat-cache-4.0.1.tgz 0ms (cache hit)
190 http cache fsevents@https://registry.npmjs.org/fsevents/-/fsevents-2.3.3.tgz 0ms (cache hit)
191 http cache file-entry-cache@https://registry.npmjs.org/file-entry-cache/-/file-entry-cache-8.0.0.tgz 0ms (cache hit)
192 http cache fdir@https://registry.npmjs.org/fdir/-/fdir-6.5.0.tgz 0ms (cache hit)
193 http cache fast-levenshtein@https://registry.npmjs.org/fast-levenshtein/-/fast-levenshtein-2.0.6.tgz 0ms (cache hit)
194 http cache fast-deep-equal@https://registry.npmjs.org/fast-deep-equal/-/fast-deep-equal-3.1.3.tgz 0ms (cache hit)
195 http cache fast-json-stable-stringify@https://registry.npmjs.org/fast-json-stable-stringify/-/fast-json-stable-stringify-2.1.0.tgz 0ms (cache hit)
196 http cache estraverse@https://registry.npmjs.org/estraverse/-/estraverse-5.3.0.tgz 0ms (cache hit)
197 http cache esutils@https://registry.npmjs.org/esutils/-/esutils-2.0.3.tgz 0ms (cache hit)
198 http cache esrecurse@https://registry.npmjs.org/esrecurse/-/esrecurse-4.3.0.tgz 0ms (cache hit)
199 http cache espree@https://registry.npmjs.org/espree/-/espree-10.4.0.tgz 0ms (cache hit)
200 http cache eslint-scope@https://registry.npmjs.org/eslint-scope/-/eslint-scope-8.4.0.tgz 0ms (cache hit)
201 http cache eslint-visitor-keys@https://registry.npmjs.org/eslint-visitor-keys/-/eslint-visitor-keys-4.2.1.tgz 0ms (cache hit)
202 http cache eslint-plugin-react-hooks@https://registry.npmjs.org/eslint-plugin-react-hooks/-/eslint-plugin-react-hooks-5.2.0.tgz 0ms (cache hit)
203 http cache escape-string-regexp@https://registry.npmjs.org/escape-string-regexp/-/escape-string-regexp-4.0.0.tgz 0ms (cache hit)
204 http cache eslint-plugin-react-refresh@https://registry.npmjs.org/eslint-plugin-react-refresh/-/eslint-plugin-react-refresh-0.4.26.tgz 0ms (cache hit)
205 http cache eslint@https://registry.npmjs.org/eslint/-/eslint-9.39.2.tgz 0ms (cache hit)
206 http cache electron-to-chromium@https://registry.npmjs.org/electron-to-chromium/-/electron-to-chromium-1.5.267.tgz 0ms (cache hit)
207 http cache esbuild@https://registry.npmjs.org/esbuild/-/esbuild-0.25.12.tgz 0ms (cache hit)
208 http cache escalade@https://registry.npmjs.org/escalade/-/escalade-3.2.0.tgz 0ms (cache hit)
209 http cache debug@https://registry.npmjs.org/debug/-/debug-4.4.3.tgz 0ms (cache hit)
210 http cache deep-is@https://registry.npmjs.org/deep-is/-/deep-is-0.1.4.tgz 0ms (cache hit)
211 http cache csstype@https://registry.npmjs.org/csstype/-/csstype-3.2.3.tgz 0ms (cache hit)
212 http cache esquery@https://registry.npmjs.org/esquery/-/esquery-1.7.0.tgz 0ms (cache hit)
213 http cache css-color-keywords@https://registry.npmjs.org/css-color-keywords/-/css-color-keywords-1.0.0.tgz 0ms (cache hit)
214 http cache css-to-react-native@https://registry.npmjs.org/css-to-react-native/-/css-to-react-native-3.2.0.tgz 0ms (cache hit)
215 http cache cross-spawn@https://registry.npmjs.org/cross-spawn/-/cross-spawn-7.0.6.tgz 0ms (cache hit)
216 http cache convert-source-map@https://registry.npmjs.org/convert-source-map/-/convert-source-map-2.0.0.tgz 0ms (cache hit)
217 http cache concat-map@https://registry.npmjs.org/concat-map/-/concat-map-0.0.1.tgz 0ms (cache hit)
218 http cache chalk@https://registry.npmjs.org/chalk/-/chalk-4.1.2.tgz 0ms (cache hit)
219 http cache color-convert@https://registry.npmjs.org/color-convert/-/color-convert-2.0.1.tgz 0ms (cache hit)
220 http cache color-name@https://registry.npmjs.org/color-name/-/color-name-1.1.4.tgz 0ms (cache hit)
221 http cache caniuse-lite@https://registry.npmjs.org/caniuse-lite/-/caniuse-lite-1.0.30001765.tgz 0ms (cache hit)
222 http cache callsites@https://registry.npmjs.org/callsites/-/callsites-3.1.0.tgz 0ms (cache hit)
223 http cache camelize@https://registry.npmjs.org/camelize/-/camelize-1.0.1.tgz 0ms (cache hit)
224 http cache browserslist@https://registry.npmjs.org/browserslist/-/browserslist-4.28.1.tgz 0ms (cache hit)
225 http cache brace-expansion@https://registry.npmjs.org/brace-expansion/-/brace-expansion-1.1.12.tgz 0ms (cache hit)
226 http cache argparse@https://registry.npmjs.org/argparse/-/argparse-2.0.1.tgz 0ms (cache hit)
227 http cache baseline-browser-mapping@https://registry.npmjs.org/baseline-browser-mapping/-/baseline-browser-mapping-2.9.17.tgz 0ms (cache hit)
228 http cache balanced-match@https://registry.npmjs.org/balanced-match/-/balanced-match-1.0.2.tgz 0ms (cache hit)
229 http cache @vitejs/plugin-react@https://registry.npmjs.org/@vitejs/plugin-react/-/plugin-react-4.7.0.tgz 0ms (cache hit)
230 http cache acorn-jsx@https://registry.npmjs.org/acorn-jsx/-/acorn-jsx-5.3.2.tgz 0ms (cache hit)
231 http cache ansi-styles@https://registry.npmjs.org/ansi-styles/-/ansi-styles-4.3.0.tgz 0ms (cache hit)
232 http cache ajv@https://registry.npmjs.org/ajv/-/ajv-6.12.6.tgz 0ms (cache hit)
233 http cache acorn@https://registry.npmjs.org/acorn/-/acorn-8.15.0.tgz 0ms (cache hit)
234 http cache @vitejs/plugin-basic-ssl@https://registry.npmjs.org/@vitejs/plugin-basic-ssl/-/plugin-basic-ssl-2.1.4.tgz 0ms (cache hit)
235 http cache @typescript-eslint/visitor-keys@https://registry.npmjs.org/@typescript-eslint/visitor-keys/-/visitor-keys-8.53.1.tgz 0ms (cache hit)
236 http cache @typescript-eslint/tsconfig-utils@https://registry.npmjs.org/@typescript-eslint/tsconfig-utils/-/tsconfig-utils-8.53.1.tgz 0ms (cache hit)
237 http cache @typescript-eslint/typescript-estree@https://registry.npmjs.org/@typescript-eslint/typescript-estree/-/typescript-estree-8.53.1.tgz 0ms (cache hit)
238 http cache @typescript-eslint/type-utils@https://registry.npmjs.org/@typescript-eslint/type-utils/-/type-utils-8.53.1.tgz 0ms (cache hit)
239 http cache @typescript-eslint/types@https://registry.npmjs.org/@typescript-eslint/types/-/types-8.53.1.tgz 0ms (cache hit)
240 http cache @typescript-eslint/scope-manager@https://registry.npmjs.org/@typescript-eslint/scope-manager/-/scope-manager-8.53.1.tgz 0ms (cache hit)
241 http cache @typescript-eslint/eslint-plugin@https://registry.npmjs.org/@typescript-eslint/eslint-plugin/-/eslint-plugin-8.53.1.tgz 0ms (cache hit)
242 http cache @typescript-eslint/project-service@https://registry.npmjs.org/@typescript-eslint/project-service/-/project-service-8.53.1.tgz 0ms (cache hit)
243 http cache @types/styled-components@https://registry.npmjs.org/@types/styled-components/-/styled-components-5.1.36.tgz 0ms (cache hit)
244 http cache @types/stylis@https://registry.npmjs.org/@types/stylis/-/stylis-4.2.7.tgz 0ms (cache hit)
245 http cache @typescript-eslint/parser@https://registry.npmjs.org/@typescript-eslint/parser/-/parser-8.53.1.tgz 0ms (cache hit)
246 http cache @types/react-dom@https://registry.npmjs.org/@types/react-dom/-/react-dom-18.3.7.tgz 0ms (cache hit)
247 http cache @types/react@https://registry.npmjs.org/@types/react/-/react-18.3.27.tgz 0ms (cache hit)
248 http cache @types/json-schema@https://registry.npmjs.org/@types/json-schema/-/json-schema-7.0.15.tgz 0ms (cache hit)
249 http cache @types/estree@https://registry.npmjs.org/@types/estree/-/estree-1.0.8.tgz 0ms (cache hit)
250 http cache @types/prop-types@https://registry.npmjs.org/@types/prop-types/-/prop-types-15.7.15.tgz 0ms (cache hit)
251 http cache @types/hoist-non-react-statics@https://registry.npmjs.org/@types/hoist-non-react-statics/-/hoist-non-react-statics-3.3.7.tgz 0ms (cache hit)
252 http cache @types/babel__template@https://registry.npmjs.org/@types/babel__template/-/babel__template-7.4.4.tgz 0ms (cache hit)
253 http cache @types/babel__generator@https://registry.npmjs.org/@types/babel__generator/-/babel__generator-7.27.0.tgz 0ms (cache hit)
254 http cache @types/babel__core@https://registry.npmjs.org/@types/babel__core/-/babel__core-7.20.5.tgz 0ms (cache hit)
255 http cache @types/babel__traverse@https://registry.npmjs.org/@types/babel__traverse/-/babel__traverse-7.28.0.tgz 0ms (cache hit)
256 http cache @typescript-eslint/utils@https://registry.npmjs.org/@typescript-eslint/utils/-/utils-8.53.1.tgz 0ms (cache hit)
257 http cache @rolldown/pluginutils@https://registry.npmjs.org/@rolldown/pluginutils/-/pluginutils-1.0.0-beta.27.tgz 0ms (cache hit)
258 http cache @rollup/rollup-darwin-arm64@https://registry.npmjs.org/@rollup/rollup-darwin-arm64/-/rollup-darwin-arm64-4.56.0.tgz 0ms (cache hit)
259 http cache @jridgewell/resolve-uri@https://registry.npmjs.org/@jridgewell/resolve-uri/-/resolve-uri-3.1.2.tgz 0ms (cache hit)
260 http cache @remix-run/router@https://registry.npmjs.org/@remix-run/router/-/router-1.23.2.tgz 0ms (cache hit)
261 http cache @jridgewell/trace-mapping@https://registry.npmjs.org/@jridgewell/trace-mapping/-/trace-mapping-0.3.31.tgz 0ms (cache hit)
262 http cache @jridgewell/remapping@https://registry.npmjs.org/@jridgewell/remapping/-/remapping-2.3.5.tgz 0ms (cache hit)
263 http cache @jridgewell/sourcemap-codec@https://registry.npmjs.org/@jridgewell/sourcemap-codec/-/sourcemap-codec-1.5.5.tgz 0ms (cache hit)
264 http cache @jridgewell/gen-mapping@https://registry.npmjs.org/@jridgewell/gen-mapping/-/gen-mapping-0.3.13.tgz 0ms (cache hit)
265 http cache @humanfs/node@https://registry.npmjs.org/@humanfs/node/-/node-0.16.7.tgz 0ms (cache hit)
266 http cache @humanwhocodes/module-importer@https://registry.npmjs.org/@humanwhocodes/module-importer/-/module-importer-1.0.1.tgz 1ms (cache hit)
267 http cache @humanwhocodes/retry@https://registry.npmjs.org/@humanwhocodes/retry/-/retry-0.4.3.tgz 0ms (cache hit)
268 http cache @eslint/object-schema@https://registry.npmjs.org/@eslint/object-schema/-/object-schema-2.1.7.tgz 0ms (cache hit)
269 http cache @eslint/plugin-kit@https://registry.npmjs.org/@eslint/plugin-kit/-/plugin-kit-0.4.1.tgz 0ms (cache hit)
270 http cache @humanfs/core@https://registry.npmjs.org/@humanfs/core/-/core-0.19.1.tgz 0ms (cache hit)
271 http cache @eslint/eslintrc@https://registry.npmjs.org/@eslint/eslintrc/-/eslintrc-3.3.3.tgz 0ms (cache hit)
272 http cache @eslint/core@https://registry.npmjs.org/@eslint/core/-/core-0.17.0.tgz 0ms (cache hit)
273 http cache @eslint/config-helpers@https://registry.npmjs.org/@eslint/config-helpers/-/config-helpers-0.4.2.tgz 0ms (cache hit)
274 http cache @eslint/js@https://registry.npmjs.org/@eslint/js/-/js-9.39.2.tgz 0ms (cache hit)
275 http cache @eslint/config-array@https://registry.npmjs.org/@eslint/config-array/-/config-array-0.21.1.tgz 0ms (cache hit)
276 http cache @eslint-community/regexpp@https://registry.npmjs.org/@eslint-community/regexpp/-/regexpp-4.12.2.tgz 0ms (cache hit)
277 http cache @esbuild/darwin-arm64@https://registry.npmjs.org/@esbuild/darwin-arm64/-/darwin-arm64-0.25.12.tgz 0ms (cache hit)
278 http cache @eslint-community/eslint-utils@https://registry.npmjs.org/@eslint-community/eslint-utils/-/eslint-utils-4.9.1.tgz 0ms (cache hit)
279 http cache @emotion/unitless@https://registry.npmjs.org/@emotion/unitless/-/unitless-0.10.0.tgz 0ms (cache hit)
280 http cache @emotion/memoize@https://registry.npmjs.org/@emotion/memoize/-/memoize-0.9.0.tgz 0ms (cache hit)
281 http cache @emotion/is-prop-valid@https://registry.npmjs.org/@emotion/is-prop-valid/-/is-prop-valid-1.4.0.tgz 0ms (cache hit)
282 http cache @babel/template@https://registry.npmjs.org/@babel/template/-/template-7.28.6.tgz 0ms (cache hit)
283 http cache @babel/traverse@https://registry.npmjs.org/@babel/traverse/-/traverse-7.28.6.tgz 0ms (cache hit)
284 http cache @babel/parser@https://registry.npmjs.org/@babel/parser/-/parser-7.28.6.tgz 0ms (cache hit)
285 http cache @babel/plugin-transform-react-jsx-self@https://registry.npmjs.org/@babel/plugin-transform-react-jsx-self/-/plugin-transform-react-jsx-self-7.27.1.tgz 0ms (cache hit)
286 http cache @babel/plugin-transform-react-jsx-source@https://registry.npmjs.org/@babel/plugin-transform-react-jsx-source/-/plugin-transform-react-jsx-source-7.27.1.tgz 0ms (cache hit)
287 http cache @babel/types@https://registry.npmjs.org/@babel/types/-/types-7.28.6.tgz 0ms (cache hit)
288 http cache @babel/helpers@https://registry.npmjs.org/@babel/helpers/-/helpers-7.28.6.tgz 0ms (cache hit)
289 http cache @babel/helper-validator-option@https://registry.npmjs.org/@babel/helper-validator-option/-/helper-validator-option-7.27.1.tgz 0ms (cache hit)
290 http cache @babel/helper-validator-identifier@https://registry.npmjs.org/@babel/helper-validator-identifier/-/helper-validator-identifier-7.28.5.tgz 0ms (cache hit)
291 http cache @babel/helper-string-parser@https://registry.npmjs.org/@babel/helper-string-parser/-/helper-string-parser-7.27.1.tgz 0ms (cache hit)
292 http cache @babel/helper-module-imports@https://registry.npmjs.org/@babel/helper-module-imports/-/helper-module-imports-7.28.6.tgz 0ms (cache hit)
293 http cache @babel/helper-module-transforms@https://registry.npmjs.org/@babel/helper-module-transforms/-/helper-module-transforms-7.28.6.tgz 0ms (cache hit)
294 http cache @babel/helper-plugin-utils@https://registry.npmjs.org/@babel/helper-plugin-utils/-/helper-plugin-utils-7.28.6.tgz 0ms (cache hit)
295 http cache @babel/helper-compilation-targets@https://registry.npmjs.org/@babel/helper-compilation-targets/-/helper-compilation-targets-7.28.6.tgz 0ms (cache hit)
296 http cache @babel/helper-globals@https://registry.npmjs.org/@babel/helper-globals/-/helper-globals-7.28.0.tgz 0ms (cache hit)
297 http cache @babel/generator@https://registry.npmjs.org/@babel/generator/-/generator-7.28.6.tgz 0ms (cache hit)
298 http cache @babel/core@https://registry.npmjs.org/@babel/core/-/core-7.28.6.tgz 0ms (cache hit)
299 http cache @babel/code-frame@https://registry.npmjs.org/@babel/code-frame/-/code-frame-7.28.6.tgz 0ms (cache hit)
300 http cache @babel/compat-data@https://registry.npmjs.org/@babel/compat-data/-/compat-data-7.28.6.tgz 0ms (cache hit)
301 http cache postcss@https://registry.npmjs.org/postcss/-/postcss-8.5.6.tgz 0ms (cache hit)
302 http cache semver@https://registry.npmjs.org/semver/-/semver-7.7.3.tgz 0ms (cache hit)
303 http cache minimatch@https://registry.npmjs.org/minimatch/-/minimatch-9.0.5.tgz 0ms (cache hit)
304 http cache brace-expansion@https://registry.npmjs.org/brace-expansion/-/brace-expansion-2.0.2.tgz 0ms (cache hit)
305 http cache ignore@https://registry.npmjs.org/ignore/-/ignore-7.0.5.tgz 0ms (cache hit)
306 http cache globals@https://registry.npmjs.org/globals/-/globals-14.0.0.tgz 0ms (cache hit)
307 http cache eslint-visitor-keys@https://registry.npmjs.org/eslint-visitor-keys/-/eslint-visitor-keys-3.4.3.tgz 0ms (cache hit)
308 http fetch POST 200 https://registry.npmjs.org/-/npm/v1/security/advisories/bulk 435ms
309 silly audit report {}
310 info run esbuild@0.25.12 postinstall node_modules/esbuild node install.js
311 info run esbuild@0.25.12 postinstall { code: 0, signal: null }
312 silly ADD node_modules/yocto-queue
313 silly ADD node_modules/yallist
314 silly ADD node_modules/word-wrap
315 silly ADD node_modules/which
316 silly ADD node_modules/vite
317 silly ADD node_modules/vite/node_modules/postcss
318 silly ADD node_modules/uri-js
319 silly ADD node_modules/update-browserslist-db
320 silly ADD node_modules/typescript-eslint
321 silly ADD node_modules/typescript
322 silly ADD node_modules/type-check
323 silly ADD node_modules/tslib
324 silly ADD node_modules/ts-api-utils
325 silly ADD node_modules/tinyglobby
326 silly ADD node_modules/supports-color
327 silly ADD node_modules/stylis
328 silly ADD node_modules/styled-components
329 silly ADD node_modules/strip-json-comments
330 silly ADD node_modules/source-map-js
331 silly ADD node_modules/shebang-regex
332 silly ADD node_modules/shebang-command
333 silly ADD node_modules/shallowequal
334 silly ADD node_modules/semver
335 silly ADD node_modules/scheduler
336 silly ADD node_modules/rollup
337 silly ADD node_modules/resolve-from
338 silly ADD node_modules/react-router-dom
339 silly ADD node_modules/react-router
340 silly ADD node_modules/react-refresh
341 silly ADD node_modules/react-is
342 silly ADD node_modules/react-dom
343 silly ADD node_modules/react
344 silly ADD node_modules/punycode
345 silly ADD node_modules/prelude-ls
346 silly ADD node_modules/postcss-value-parser
347 silly ADD node_modules/postcss
348 silly ADD node_modules/picomatch
349 silly ADD node_modules/picocolors
350 silly ADD node_modules/path-key
351 silly ADD node_modules/path-exists
352 silly ADD node_modules/parent-module
353 silly ADD node_modules/p-locate
354 silly ADD node_modules/p-limit
355 silly ADD node_modules/optionator
356 silly ADD node_modules/node-releases
357 silly ADD node_modules/natural-compare
358 silly ADD node_modules/nanoid
359 silly ADD node_modules/ms
360 silly ADD node_modules/minimatch
361 silly ADD node_modules/lru-cache
362 silly ADD node_modules/loose-envify
363 silly ADD node_modules/lodash.merge
364 silly ADD node_modules/locate-path
365 silly ADD node_modules/levn
366 silly ADD node_modules/keyv
367 silly ADD node_modules/json5
368 silly ADD node_modules/json-stable-stringify-without-jsonify
369 silly ADD node_modules/json-schema-traverse
370 silly ADD node_modules/json-buffer
371 silly ADD node_modules/jsesc
372 silly ADD node_modules/js-yaml
373 silly ADD node_modules/js-tokens
374 silly ADD node_modules/isexe
375 silly ADD node_modules/is-glob
376 silly ADD node_modules/is-extglob
377 silly ADD node_modules/imurmurhash
378 silly ADD node_modules/import-fresh
379 silly ADD node_modules/ignore
380 silly ADD node_modules/hoist-non-react-statics
381 silly ADD node_modules/has-flag
382 silly ADD node_modules/globals
383 silly ADD node_modules/glob-parent
384 silly ADD node_modules/gensync
385 silly ADD node_modules/fsevents
386 silly ADD node_modules/flatted
387 silly ADD node_modules/flat-cache
388 silly ADD node_modules/find-up
389 silly ADD node_modules/file-entry-cache
390 silly ADD node_modules/fdir
391 silly ADD node_modules/fast-levenshtein
392 silly ADD node_modules/fast-json-stable-stringify
393 silly ADD node_modules/fast-deep-equal
394 silly ADD node_modules/esutils
395 silly ADD node_modules/estraverse
396 silly ADD node_modules/esrecurse
397 silly ADD node_modules/esquery
398 silly ADD node_modules/espree
399 silly ADD node_modules/eslint-visitor-keys
400 silly ADD node_modules/eslint-scope
401 silly ADD node_modules/eslint-plugin-react-refresh
402 silly ADD node_modules/eslint-plugin-react-hooks
403 silly ADD node_modules/eslint
404 silly ADD node_modules/escape-string-regexp
405 silly ADD node_modules/escalade
406 silly ADD node_modules/esbuild
407 silly ADD node_modules/electron-to-chromium
408 silly ADD node_modules/deep-is
409 silly ADD node_modules/debug
410 silly ADD node_modules/csstype
411 silly ADD node_modules/css-to-react-native
412 silly ADD node_modules/css-color-keywords
413 silly ADD node_modules/cross-spawn
414 silly ADD node_modules/convert-source-map
415 silly ADD node_modules/concat-map
416 silly ADD node_modules/color-name
417 silly ADD node_modules/color-convert
418 silly ADD node_modules/chalk
419 silly ADD node_modules/caniuse-lite
420 silly ADD node_modules/camelize
421 silly ADD node_modules/callsites
422 silly ADD node_modules/browserslist
423 silly ADD node_modules/brace-expansion
424 silly ADD node_modules/baseline-browser-mapping
425 silly ADD node_modules/balanced-match
426 silly ADD node_modules/argparse
427 silly ADD node_modules/ansi-styles
428 silly ADD node_modules/ajv
429 silly ADD node_modules/acorn-jsx
430 silly ADD node_modules/acorn
431 silly ADD node_modules/@vitejs/plugin-react
432 silly ADD node_modules/@vitejs/plugin-basic-ssl
433 silly ADD node_modules/@typescript-eslint/visitor-keys
434 silly ADD node_modules/@typescript-eslint/utils
435 silly ADD node_modules/@typescript-eslint/typescript-estree
436 silly ADD node_modules/@typescript-eslint/typescript-estree/node_modules/semver
437 silly ADD node_modules/@typescript-eslint/typescript-estree/node_modules/minimatch
438 silly ADD node_modules/@typescript-eslint/typescript-estree/node_modules/brace-expansion
439 silly ADD node_modules/@typescript-eslint/types
440 silly ADD node_modules/@typescript-eslint/type-utils
441 silly ADD node_modules/@typescript-eslint/tsconfig-utils
442 silly ADD node_modules/@typescript-eslint/scope-manager
443 silly ADD node_modules/@typescript-eslint/project-service
444 silly ADD node_modules/@typescript-eslint/parser
445 silly ADD node_modules/@typescript-eslint/eslint-plugin
446 silly ADD node_modules/@typescript-eslint/eslint-plugin/node_modules/ignore
447 silly ADD node_modules/@types/stylis
448 silly ADD node_modules/@types/styled-components
449 silly ADD node_modules/@types/react-dom
450 silly ADD node_modules/@types/react
451 silly ADD node_modules/@types/prop-types
452 silly ADD node_modules/@types/json-schema
453 silly ADD node_modules/@types/hoist-non-react-statics
454 silly ADD node_modules/@types/estree
455 silly ADD node_modules/@types/babel__traverse
456 silly ADD node_modules/@types/babel__template
457 silly ADD node_modules/@types/babel__generator
458 silly ADD node_modules/@types/babel__core
459 silly ADD node_modules/@rollup/rollup-win32-x64-msvc
460 silly ADD node_modules/@rollup/rollup-win32-x64-gnu
461 silly ADD node_modules/@rollup/rollup-win32-ia32-msvc
462 silly ADD node_modules/@rollup/rollup-win32-arm64-msvc
463 silly ADD node_modules/@rollup/rollup-openharmony-arm64
464 silly ADD node_modules/@rollup/rollup-openbsd-x64
465 silly ADD node_modules/@rollup/rollup-linux-x64-musl
466 silly ADD node_modules/@rollup/rollup-linux-x64-gnu
467 silly ADD node_modules/@rollup/rollup-linux-s390x-gnu
468 silly ADD node_modules/@rollup/rollup-linux-riscv64-musl
469 silly ADD node_modules/@rollup/rollup-linux-riscv64-gnu
470 silly ADD node_modules/@rollup/rollup-linux-ppc64-musl
471 silly ADD node_modules/@rollup/rollup-linux-ppc64-gnu
472 silly ADD node_modules/@rollup/rollup-linux-loong64-musl
473 silly ADD node_modules/@rollup/rollup-linux-loong64-gnu
474 silly ADD node_modules/@rollup/rollup-linux-arm64-musl
475 silly ADD node_modules/@rollup/rollup-linux-arm64-gnu
476 silly ADD node_modules/@rollup/rollup-linux-arm-musleabihf
477 silly ADD node_modules/@rollup/rollup-linux-arm-gnueabihf
478 silly ADD node_modules/@rollup/rollup-freebsd-x64
479 silly ADD node_modules/@rollup/rollup-freebsd-arm64
480 silly ADD node_modules/@rollup/rollup-darwin-x64
481 silly ADD node_modules/@rollup/rollup-darwin-arm64
482 silly ADD node_modules/@rollup/rollup-android-arm64
483 silly ADD node_modules/@rollup/rollup-android-arm-eabi
484 silly ADD node_modules/@rolldown/pluginutils
485 silly ADD node_modules/@remix-run/router
486 silly ADD node_modules/@jridgewell/trace-mapping
487 silly ADD node_modules/@jridgewell/sourcemap-codec
488 silly ADD node_modules/@jridgewell/resolve-uri
489 silly ADD node_modules/@jridgewell/remapping
490 silly ADD node_modules/@jridgewell/gen-mapping
491 silly ADD node_modules/@humanwhocodes/retry
492 silly ADD node_modules/@humanwhocodes/module-importer
493 silly ADD node_modules/@humanfs/node
494 silly ADD node_modules/@humanfs/core
495 silly ADD node_modules/@eslint/plugin-kit
496 silly ADD node_modules/@eslint/object-schema
497 silly ADD node_modules/@eslint/js
498 silly ADD node_modules/@eslint/eslintrc
499 silly ADD node_modules/@eslint/eslintrc/node_modules/globals
500 silly ADD node_modules/@eslint/core
501 silly ADD node_modules/@eslint/config-helpers
502 silly ADD node_modules/@eslint/config-array
503 silly ADD node_modules/@eslint-community/regexpp
504 silly ADD node_modules/@eslint-community/eslint-utils
505 silly ADD node_modules/@eslint-community/eslint-utils/node_modules/eslint-visitor-keys
506 silly ADD node_modules/@esbuild/win32-x64
507 silly ADD node_modules/@esbuild/win32-ia32
508 silly ADD node_modules/@esbuild/win32-arm64
509 silly ADD node_modules/@esbuild/sunos-x64
510 silly ADD node_modules/@esbuild/openharmony-arm64
511 silly ADD node_modules/@esbuild/openbsd-x64
512 silly ADD node_modules/@esbuild/openbsd-arm64
513 silly ADD node_modules/@esbuild/netbsd-x64
514 silly ADD node_modules/@esbuild/netbsd-arm64
515 silly ADD node_modules/@esbuild/linux-x64
516 silly ADD node_modules/@esbuild/linux-s390x
517 silly ADD node_modules/@esbuild/linux-riscv64
518 silly ADD node_modules/@esbuild/linux-ppc64
519 silly ADD node_modules/@esbuild/linux-mips64el
520 silly ADD node_modules/@esbuild/linux-loong64
521 silly ADD node_modules/@esbuild/linux-ia32
522 silly ADD node_modules/@esbuild/linux-arm64
523 silly ADD node_modules/@esbuild/linux-arm
524 silly ADD node_modules/@esbuild/freebsd-x64
525 silly ADD node_modules/@esbuild/freebsd-arm64
526 silly ADD node_modules/@esbuild/darwin-x64
527 silly ADD node_modules/@esbuild/darwin-arm64
528 silly ADD node_modules/@esbuild/android-x64
529 silly ADD node_modules/@esbuild/android-arm64
530 silly ADD node_modules/@esbuild/android-arm
531 silly ADD node_modules/@esbuild/aix-ppc64
532 silly ADD node_modules/@emotion/unitless
533 silly ADD node_modules/@emotion/memoize
534 silly ADD node_modules/@emotion/is-prop-valid
535 silly ADD node_modules/@babel/types
536 silly ADD node_modules/@babel/traverse
537 silly ADD node_modules/@babel/template
538 silly ADD node_modules/@babel/plugin-transform-react-jsx-source
539 silly ADD node_modules/@babel/plugin-transform-react-jsx-self
540 silly ADD node_modules/@babel/parser
541 silly ADD node_modules/@babel/helpers
542 silly ADD node_modules/@babel/helper-validator-option
543 silly ADD node_modules/@babel/helper-validator-identifier
544 silly ADD node_modules/@babel/helper-string-parser
545 silly ADD node_modules/@babel/helper-plugin-utils
546 silly ADD node_modules/@babel/helper-module-transforms
547 silly ADD node_modules/@babel/helper-module-imports
548 silly ADD node_modules/@babel/helper-globals
549 silly ADD node_modules/@babel/helper-compilation-targets
550 silly ADD node_modules/@babel/generator
551 silly ADD node_modules/@babel/core
552 silly ADD node_modules/@babel/compat-data
553 silly ADD node_modules/@babel/code-frame
554 verbose cwd /Users/parkjongsun/Repository/vibe2
555 verbose os Darwin 25.2.0
556 verbose node v24.4.1
557 verbose npm  v11.4.2
558 verbose exit 0
559 info ok
