0 verbose cli /opt/homebrew/Cellar/node/24.4.1/bin/node /opt/homebrew/bin/npm
1 info using npm@11.4.2
2 info using node@v24.4.1
3 silly config load:file:/opt/homebrew/lib/node_modules/npm/npmrc
4 silly config load:file:/Users/parkjongsun/Repository/vibe2/.npmrc
5 silly config load:file:/Users/parkjongsun/.npmrc
6 silly config load:file:/Users/parkjongsun/.npm-global/etc/npmrc
7 verbose title npm install @vitejs/plugin-basic-ssl
8 verbose argv "install" "--save-dev" "@vitejs/plugin-basic-ssl"
9 verbose logfile logs-max:10 dir:/Users/parkjongsun/Repository/vibe2/.npm-cache/_logs/2026-01-22T07_19_28_104Z-
10 verbose logfile /Users/parkjongsun/Repository/vibe2/.npm-cache/_logs/2026-01-22T07_19_28_104Z-debug-0.log
11 silly logfile done cleaning log files
12 silly packumentCache heap:4496293888 maxSize:1124073472 maxEntrySize:562036736
13 silly idealTree buildDeps
14 silly fetch manifest @vitejs/plugin-basic-ssl@*
15 silly packumentCache full:https://registry.npmjs.org/@vitejs%2fplugin-basic-ssl cache-miss
16 verbose shrinkwrap failed to load node_modules/.package-lock.json out of date, updated: node_modules
17 http fetch GET 200 https://registry.npmjs.org/@vitejs%2fplugin-basic-ssl 274ms (cache miss)
18 silly packumentCache full:https://registry.npmjs.org/@vitejs%2fplugin-basic-ssl set size:undefined disposed:false
19 silly fetch manifest vite@^6.0.1
20 silly packumentCache full:https://registry.npmjs.org/vite cache-miss
21 http fetch GET 200 https://registry.npmjs.org/vite 81ms (cache revalidated)
22 silly packumentCache full:https://registry.npmjs.org/vite set size:38689949 disposed:false
23 silly fetch manifest @types/node@^18.0.0 || ^20.0.0 || >=22.0.0
24 silly packumentCache full:https://registry.npmjs.org/@types%2fnode cache-miss
25 http fetch GET 200 https://registry.npmjs.org/@types%2fnode 49ms (cache revalidated)
26 silly packumentCache full:https://registry.npmjs.org/@types%2fnode set size:10801274 disposed:false
27 silly fetch manifest jiti@>=1.21.0
28 silly packumentCache full:https://registry.npmjs.org/jiti cache-miss
29 http fetch GET 200 https://registry.npmjs.org/jiti 25ms (cache revalidated)
30 silly packumentCache full:https://registry.npmjs.org/jiti set size:382310 disposed:false
31 silly fetch manifest less@*
32 silly packumentCache full:https://registry.npmjs.org/less cache-miss
33 http fetch GET 200 https://registry.npmjs.org/less 28ms (cache revalidated)
34 silly packumentCache full:https://registry.npmjs.org/less set size:430648 disposed:false
35 silly fetch manifest lightningcss@^1.21.0
36 silly packumentCache full:https://registry.npmjs.org/lightningcss cache-miss
37 http fetch GET 200 https://registry.npmjs.org/lightningcss 25ms (cache revalidated)
38 silly packumentCache full:https://registry.npmjs.org/lightningcss set size:182441 disposed:false
39 silly fetch manifest sass@*
40 silly packumentCache full:https://registry.npmjs.org/sass cache-miss
41 http fetch GET 200 https://registry.npmjs.org/sass 37ms (cache revalidated)
42 silly packumentCache full:https://registry.npmjs.org/sass set size:722061 disposed:false
43 silly fetch manifest sass-embedded@*
44 silly packumentCache full:https://registry.npmjs.org/sass-embedded cache-miss
45 http fetch GET 200 https://registry.npmjs.org/sass-embedded 32ms (cache revalidated)
46 silly packumentCache full:https://registry.npmjs.org/sass-embedded set size:407397 disposed:false
47 silly fetch manifest stylus@*
48 silly packumentCache full:https://registry.npmjs.org/stylus cache-miss
49 http fetch GET 200 https://registry.npmjs.org/stylus 23ms (cache revalidated)
50 silly packumentCache full:https://registry.npmjs.org/stylus set size:286766 disposed:false
51 silly fetch manifest sugarss@*
52 silly packumentCache full:https://registry.npmjs.org/sugarss cache-miss
53 http fetch GET 200 https://registry.npmjs.org/sugarss 190ms (cache revalidated)
54 silly packumentCache full:https://registry.npmjs.org/sugarss set size:44975 disposed:false
55 silly fetch manifest postcss@^8.3.3
56 silly packumentCache full:https://registry.npmjs.org/postcss cache-miss
57 http fetch GET 200 https://registry.npmjs.org/postcss 25ms (cache revalidated)
58 silly packumentCache full:https://registry.npmjs.org/postcss set size:696248 disposed:false
59 silly fetch manifest terser@^5.16.0
60 silly packumentCache full:https://registry.npmjs.org/terser cache-miss
61 http fetch GET 200 https://registry.npmjs.org/terser 30ms (cache revalidated)
62 silly packumentCache full:https://registry.npmjs.org/terser set size:786629 disposed:false
63 silly fetch manifest tsx@^4.8.1
64 silly packumentCache full:https://registry.npmjs.org/tsx cache-miss
65 http fetch GET 200 https://registry.npmjs.org/tsx 25ms (cache revalidated)
66 silly packumentCache full:https://registry.npmjs.org/tsx set size:289592 disposed:false
67 silly fetch manifest yaml@^2.4.2
68 silly packumentCache full:https://registry.npmjs.org/yaml cache-miss
69 http fetch GET 200 https://registry.npmjs.org/yaml 34ms (cache revalidated)
70 silly packumentCache full:https://registry.npmjs.org/yaml set size:364997 disposed:false
71 silly placeDep ROOT @vitejs/plugin-basic-ssl@2.1.4 OK for: vibe2@0.0.0 want: *
72 silly reify moves {}
73 silly audit bulk request {
73 silly audit   '@babel/code-frame': [ '7.28.6' ],
73 silly audit   '@babel/compat-data': [ '7.28.6' ],
73 silly audit   '@babel/core': [ '7.28.6' ],
73 silly audit   '@babel/generator': [ '7.28.6' ],
73 silly audit   '@babel/helper-compilation-targets': [ '7.28.6' ],
73 silly audit   '@babel/helper-globals': [ '7.28.0' ],
73 silly audit   '@babel/helper-module-imports': [ '7.28.6' ],
73 silly audit   '@babel/helper-module-transforms': [ '7.28.6' ],
73 silly audit   '@babel/helper-plugin-utils': [ '7.28.6' ],
73 silly audit   '@babel/helper-string-parser': [ '7.27.1' ],
73 silly audit   '@babel/helper-validator-identifier': [ '7.28.5' ],
73 silly audit   '@babel/helper-validator-option': [ '7.27.1' ],
73 silly audit   '@babel/helpers': [ '7.28.6' ],
73 silly audit   '@babel/parser': [ '7.28.6' ],
73 silly audit   '@babel/plugin-transform-react-jsx-self': [ '7.27.1' ],
73 silly audit   '@babel/plugin-transform-react-jsx-source': [ '7.27.1' ],
73 silly audit   '@babel/template': [ '7.28.6' ],
73 silly audit   '@babel/traverse': [ '7.28.6' ],
73 silly audit   '@babel/types': [ '7.28.6' ],
73 silly audit   '@emotion/is-prop-valid': [ '1.4.0' ],
73 silly audit   '@emotion/memoize': [ '0.9.0' ],
73 silly audit   '@emotion/unitless': [ '0.10.0' ],
73 silly audit   '@esbuild/aix-ppc64': [ '0.25.12' ],
73 silly audit   '@esbuild/android-arm': [ '0.25.12' ],
73 silly audit   '@esbuild/android-arm64': [ '0.25.12' ],
73 silly audit   '@esbuild/android-x64': [ '0.25.12' ],
73 silly audit   '@esbuild/darwin-arm64': [ '0.25.12' ],
73 silly audit   '@esbuild/darwin-x64': [ '0.25.12' ],
73 silly audit   '@esbuild/freebsd-arm64': [ '0.25.12' ],
73 silly audit   '@esbuild/freebsd-x64': [ '0.25.12' ],
73 silly audit   '@esbuild/linux-arm': [ '0.25.12' ],
73 silly audit   '@esbuild/linux-arm64': [ '0.25.12' ],
73 silly audit   '@esbuild/linux-ia32': [ '0.25.12' ],
73 silly audit   '@esbuild/linux-loong64': [ '0.25.12' ],
73 silly audit   '@esbuild/linux-mips64el': [ '0.25.12' ],
73 silly audit   '@esbuild/linux-ppc64': [ '0.25.12' ],
73 silly audit   '@esbuild/linux-riscv64': [ '0.25.12' ],
73 silly audit   '@esbuild/linux-s390x': [ '0.25.12' ],
73 silly audit   '@esbuild/linux-x64': [ '0.25.12' ],
73 silly audit   '@esbuild/netbsd-arm64': [ '0.25.12' ],
73 silly audit   '@esbuild/netbsd-x64': [ '0.25.12' ],
73 silly audit   '@esbuild/openbsd-arm64': [ '0.25.12' ],
73 silly audit   '@esbuild/openbsd-x64': [ '0.25.12' ],
73 silly audit   '@esbuild/openharmony-arm64': [ '0.25.12' ],
73 silly audit   '@esbuild/sunos-x64': [ '0.25.12' ],
73 silly audit   '@esbuild/win32-arm64': [ '0.25.12' ],
73 silly audit   '@esbuild/win32-ia32': [ '0.25.12' ],
73 silly audit   '@esbuild/win32-x64': [ '0.25.12' ],
73 silly audit   '@eslint-community/eslint-utils': [ '4.9.1' ],
73 silly audit   'eslint-visitor-keys': [ '3.4.3', '4.2.1' ],
73 silly audit   '@eslint-community/regexpp': [ '4.12.2' ],
73 silly audit   '@eslint/config-array': [ '0.21.1' ],
73 silly audit   '@eslint/config-helpers': [ '0.4.2' ],
73 silly audit   '@eslint/core': [ '0.17.0' ],
73 silly audit   '@eslint/eslintrc': [ '3.3.3' ],
73 silly audit   globals: [ '14.0.0', '15.15.0' ],
73 silly audit   '@eslint/js': [ '9.39.2' ],
73 silly audit   '@eslint/object-schema': [ '2.1.7' ],
73 silly audit   '@eslint/plugin-kit': [ '0.4.1' ],
73 silly audit   '@humanfs/core': [ '0.19.1' ],
73 silly audit   '@humanfs/node': [ '0.16.7' ],
73 silly audit   '@humanwhocodes/module-importer': [ '1.0.1' ],
73 silly audit   '@humanwhocodes/retry': [ '0.4.3' ],
73 silly audit   '@jridgewell/gen-mapping': [ '0.3.13' ],
73 silly audit   '@jridgewell/remapping': [ '2.3.5' ],
73 silly audit   '@jridgewell/resolve-uri': [ '3.1.2' ],
73 silly audit   '@jridgewell/sourcemap-codec': [ '1.5.5' ],
73 silly audit   '@jridgewell/trace-mapping': [ '0.3.31' ],
73 silly audit   '@remix-run/router': [ '1.23.2' ],
73 silly audit   '@rolldown/pluginutils': [ '1.0.0-beta.27' ],
73 silly audit   '@rollup/rollup-android-arm-eabi': [ '4.56.0' ],
73 silly audit   '@rollup/rollup-android-arm64': [ '4.56.0' ],
73 silly audit   '@rollup/rollup-darwin-arm64': [ '4.56.0' ],
73 silly audit   '@rollup/rollup-darwin-x64': [ '4.56.0' ],
73 silly audit   '@rollup/rollup-freebsd-arm64': [ '4.56.0' ],
73 silly audit   '@rollup/rollup-freebsd-x64': [ '4.56.0' ],
73 silly audit   '@rollup/rollup-linux-arm-gnueabihf': [ '4.56.0' ],
73 silly audit   '@rollup/rollup-linux-arm-musleabihf': [ '4.56.0' ],
73 silly audit   '@rollup/rollup-linux-arm64-gnu': [ '4.56.0' ],
73 silly audit   '@rollup/rollup-linux-arm64-musl': [ '4.56.0' ],
73 silly audit   '@rollup/rollup-linux-loong64-gnu': [ '4.56.0' ],
73 silly audit   '@rollup/rollup-linux-loong64-musl': [ '4.56.0' ],
73 silly audit   '@rollup/rollup-linux-ppc64-gnu': [ '4.56.0' ],
73 silly audit   '@rollup/rollup-linux-ppc64-musl': [ '4.56.0' ],
73 silly audit   '@rollup/rollup-linux-riscv64-gnu': [ '4.56.0' ],
73 silly audit   '@rollup/rollup-linux-riscv64-musl': [ '4.56.0' ],
73 silly audit   '@rollup/rollup-linux-s390x-gnu': [ '4.56.0' ],
73 silly audit   '@rollup/rollup-linux-x64-gnu': [ '4.56.0' ],
73 silly audit   '@rollup/rollup-linux-x64-musl': [ '4.56.0' ],
73 silly audit   '@rollup/rollup-openbsd-x64': [ '4.56.0' ],
73 silly audit   '@rollup/rollup-openharmony-arm64': [ '4.56.0' ],
73 silly audit   '@rollup/rollup-win32-arm64-msvc': [ '4.56.0' ],
73 silly audit   '@rollup/rollup-win32-ia32-msvc': [ '4.56.0' ],
73 silly audit   '@rollup/rollup-win32-x64-gnu': [ '4.56.0' ],
73 silly audit   '@rollup/rollup-win32-x64-msvc': [ '4.56.0' ],
73 silly audit   '@types/babel__core': [ '7.20.5' ],
73 silly audit   '@types/babel__generator': [ '7.27.0' ],
73 silly audit   '@types/babel__template': [ '7.4.4' ],
73 silly audit   '@types/babel__traverse': [ '7.28.0' ],
73 silly audit   '@types/estree': [ '1.0.8' ],
73 silly audit   '@types/hoist-non-react-statics': [ '3.3.7' ],
73 silly audit   '@types/json-schema': [ '7.0.15' ],
73 silly audit   '@types/prop-types': [ '15.7.15' ],
73 silly audit   '@types/react': [ '18.3.27' ],
73 silly audit   '@types/react-dom': [ '18.3.7' ],
73 silly audit   '@types/styled-components': [ '5.1.36' ],
73 silly audit   '@types/stylis': [ '4.2.7' ],
73 silly audit   '@typescript-eslint/eslint-plugin': [ '8.53.1' ],
73 silly audit   ignore: [ '7.0.5', '5.3.2' ],
73 silly audit   '@typescript-eslint/parser': [ '8.53.1' ],
73 silly audit   '@typescript-eslint/project-service': [ '8.53.1' ],
73 silly audit   '@typescript-eslint/scope-manager': [ '8.53.1' ],
73 silly audit   '@typescript-eslint/tsconfig-utils': [ '8.53.1' ],
73 silly audit   '@typescript-eslint/type-utils': [ '8.53.1' ],
73 silly audit   '@typescript-eslint/types': [ '8.53.1' ],
73 silly audit   '@typescript-eslint/typescript-estree': [ '8.53.1' ],
73 silly audit   'brace-expansion': [ '2.0.2', '1.1.12' ],
73 silly audit   minimatch: [ '9.0.5', '3.1.2' ],
73 silly audit   semver: [ '7.7.3', '6.3.1' ],
73 silly audit   '@typescript-eslint/utils': [ '8.53.1' ],
73 silly audit   '@typescript-eslint/visitor-keys': [ '8.53.1' ],
73 silly audit   '@vitejs/plugin-react': [ '4.7.0' ],
73 silly audit   acorn: [ '8.15.0' ],
73 silly audit   'acorn-jsx': [ '5.3.2' ],
73 silly audit   ajv: [ '6.12.6' ],
73 silly audit   'ansi-styles': [ '4.3.0' ],
73 silly audit   argparse: [ '2.0.1' ],
73 silly audit   'balanced-match': [ '1.0.2' ],
73 silly audit   'baseline-browser-mapping': [ '2.9.17' ],
73 silly audit   browserslist: [ '4.28.1' ],
73 silly audit   callsites: [ '3.1.0' ],
73 silly audit   camelize: [ '1.0.1' ],
73 silly audit   'caniuse-lite': [ '1.0.30001765' ],
73 silly audit   chalk: [ '4.1.2' ],
73 silly audit   'color-convert': [ '2.0.1' ],
73 silly audit   'color-name': [ '1.1.4' ],
73 silly audit   'concat-map': [ '0.0.1' ],
73 silly audit   'convert-source-map': [ '2.0.0' ],
73 silly audit   'cross-spawn': [ '7.0.6' ],
73 silly audit   'css-color-keywords': [ '1.0.0' ],
73 silly audit   'css-to-react-native': [ '3.2.0' ],
73 silly audit   csstype: [ '3.2.3' ],
73 silly audit   debug: [ '4.4.3' ],
73 silly audit   'deep-is': [ '0.1.4' ],
73 silly audit   'electron-to-chromium': [ '1.5.267' ],
73 silly audit   esbuild: [ '0.25.12' ],
73 silly audit   escalade: [ '3.2.0' ],
73 silly audit   'escape-string-regexp': [ '4.0.0' ],
73 silly audit   eslint: [ '9.39.2' ],
73 silly audit   'eslint-plugin-react-hooks': [ '5.2.0' ],
73 silly audit   'eslint-plugin-react-refresh': [ '0.4.26' ],
73 silly audit   'eslint-scope': [ '8.4.0' ],
73 silly audit   espree: [ '10.4.0' ],
73 silly audit   esquery: [ '1.7.0' ],
73 silly audit   esrecurse: [ '4.3.0' ],
73 silly audit   estraverse: [ '5.3.0' ],
73 silly audit   esutils: [ '2.0.3' ],
73 silly audit   'fast-deep-equal': [ '3.1.3' ],
73 silly audit   'fast-json-stable-stringify': [ '2.1.0' ],
73 silly audit   'fast-levenshtein': [ '2.0.6' ],
73 silly audit   fdir: [ '6.5.0' ],
73 silly audit   'file-entry-cache': [ '8.0.0' ],
73 silly audit   'find-up': [ '5.0.0' ],
73 silly audit   'flat-cache': [ '4.0.1' ],
73 silly audit   flatted: [ '3.3.3' ],
73 silly audit   fsevents: [ '2.3.3' ],
73 silly audit   gensync: [ '1.0.0-beta.2' ],
73 silly audit   'glob-parent': [ '6.0.2' ],
73 silly audit   'has-flag': [ '4.0.0' ],
73 silly audit   'hoist-non-react-statics': [ '3.3.2' ],
73 silly audit   'import-fresh': [ '3.3.1' ],
73 silly audit   imurmurhash: [ '0.1.4' ],
73 silly audit   'is-extglob': [ '2.1.1' ],
73 silly audit   'is-glob': [ '4.0.3' ],
73 silly audit   isexe: [ '2.0.0' ],
73 silly audit   'js-tokens': [ '4.0.0' ],
73 silly audit   'js-yaml': [ '4.1.1' ],
73 silly audit   jsesc: [ '3.1.0' ],
73 silly audit   'json-buffer': [ '3.0.1' ],
73 silly audit   'json-schema-traverse': [ '0.4.1' ],
73 silly audit   'json-stable-stringify-without-jsonify': [ '1.0.1' ],
73 silly audit   json5: [ '2.2.3' ],
73 silly audit   keyv: [ '4.5.4' ],
73 silly audit   levn: [ '0.4.1' ],
73 silly audit   'locate-path': [ '6.0.0' ],
73 silly audit   'lodash.merge': [ '4.6.2' ],
73 silly audit   'loose-envify': [ '1.4.0' ],
73 silly audit   'lru-cache': [ '5.1.1' ],
73 silly audit   ms: [ '2.1.3' ],
73 silly audit   nanoid: [ '3.3.11' ],
73 silly audit   'natural-compare': [ '1.4.0' ],
73 silly audit   'node-releases': [ '2.0.27' ],
73 silly audit   optionator: [ '0.9.4' ],
73 silly audit   'p-limit': [ '3.1.0' ],
73 silly audit   'p-locate': [ '5.0.0' ],
73 silly audit   'parent-module': [ '1.0.1' ],
73 silly audit   'path-exists': [ '4.0.0' ],
73 silly audit   'path-key': [ '3.1.1' ],
73 silly audit   picocolors: [ '1.1.1' ],
73 silly audit   picomatch: [ '4.0.3' ],
73 silly audit   postcss: [ '8.4.49', '8.5.6' ],
73 silly audit   'postcss-value-parser': [ '4.2.0' ],
73 silly audit   'prelude-ls': [ '1.2.1' ],
73 silly audit   punycode: [ '2.3.1' ],
73 silly audit   react: [ '18.3.1' ],
73 silly audit   'react-dom': [ '18.3.1' ],
73 silly audit   'react-is': [ '16.13.1' ],
73 silly audit   'react-refresh': [ '0.17.0' ],
73 silly audit   'react-router': [ '6.30.3' ],
73 silly audit   'react-router-dom': [ '6.30.3' ],
73 silly audit   'resolve-from': [ '4.0.0' ],
73 silly audit   rollup: [ '4.56.0' ],
73 silly audit   scheduler: [ '0.23.2' ],
73 silly audit   shallowequal: [ '1.1.0' ],
73 silly audit   'shebang-command': [ '2.0.0' ],
73 silly audit   'shebang-regex': [ '3.0.0' ],
73 silly audit   'source-map-js': [ '1.2.1' ],
73 silly audit   'strip-json-comments': [ '3.1.1' ],
73 silly audit   'styled-components': [ '6.3.8' ],
73 silly audit   stylis: [ '4.3.6' ],
73 silly audit   'supports-color': [ '7.2.0' ],
73 silly audit   tinyglobby: [ '0.2.15' ],
73 silly audit   'ts-api-utils': [ '2.4.0' ],
73 silly audit   tslib: [ '2.8.1' ],
73 silly audit   'type-check': [ '0.4.0' ],
73 silly audit   typescript: [ '5.6.3' ],
73 silly audit   'typescript-eslint': [ '8.53.1' ],
73 silly audit   'update-browserslist-db': [ '1.2.3' ],
73 silly audit   'uri-js': [ '4.4.1' ],
73 silly audit   vite: [ '6.4.1' ],
73 silly audit   which: [ '2.0.2' ],
73 silly audit   'word-wrap': [ '1.2.5' ],
73 silly audit   yallist: [ '3.1.1' ],
73 silly audit   'yocto-queue': [ '0.1.0' ],
73 silly audit   '@vitejs/plugin-basic-ssl': [ '2.1.4' ]
73 silly audit }
74 verbose reify failed optional dependency /Users/parkjongsun/Repository/vibe2/node_modules/@rollup/rollup-win32-x64-msvc
75 silly reify mark deleted [
75 silly reify   '/Users/parkjongsun/Repository/vibe2/node_modules/@rollup/rollup-win32-x64-msvc'
75 silly reify ]
76 verbose reify failed optional dependency /Users/parkjongsun/Repository/vibe2/node_modules/@rollup/rollup-win32-x64-gnu
77 silly reify mark deleted [
77 silly reify   '/Users/parkjongsun/Repository/vibe2/node_modules/@rollup/rollup-win32-x64-gnu'
77 silly reify ]
78 verbose reify failed optional dependency /Users/parkjongsun/Repository/vibe2/node_modules/@rollup/rollup-win32-ia32-msvc
79 silly reify mark deleted [
79 silly reify   '/Users/parkjongsun/Repository/vibe2/node_modules/@rollup/rollup-win32-ia32-msvc'
79 silly reify ]
80 verbose reify failed optional dependency /Users/parkjongsun/Repository/vibe2/node_modules/@rollup/rollup-win32-arm64-msvc
81 silly reify mark deleted [
81 silly reify   '/Users/parkjongsun/Repository/vibe2/node_modules/@rollup/rollup-win32-arm64-msvc'
81 silly reify ]
82 verbose reify failed optional dependency /Users/parkjongsun/Repository/vibe2/node_modules/@rollup/rollup-openharmony-arm64
83 silly reify mark deleted [
83 silly reify   '/Users/parkjongsun/Repository/vibe2/node_modules/@rollup/rollup-openharmony-arm64'
83 silly reify ]
84 verbose reify failed optional dependency /Users/parkjongsun/Repository/vibe2/node_modules/@rollup/rollup-openbsd-x64
85 silly reify mark deleted [
85 silly reify   '/Users/parkjongsun/Repository/vibe2/node_modules/@rollup/rollup-openbsd-x64'
85 silly reify ]
86 verbose reify failed optional dependency /Users/parkjongsun/Repository/vibe2/node_modules/@rollup/rollup-linux-x64-musl
87 silly reify mark deleted [
87 silly reify   '/Users/parkjongsun/Repository/vibe2/node_modules/@rollup/rollup-linux-x64-musl'
87 silly reify ]
88 verbose reify failed optional dependency /Users/parkjongsun/Repository/vibe2/node_modules/@rollup/rollup-linux-x64-gnu
89 silly reify mark deleted [
89 silly reify   '/Users/parkjongsun/Repository/vibe2/node_modules/@rollup/rollup-linux-x64-gnu'
89 silly reify ]
90 verbose reify failed optional dependency /Users/parkjongsun/Repository/vibe2/node_modules/@rollup/rollup-linux-s390x-gnu
91 silly reify mark deleted [
91 silly reify   '/Users/parkjongsun/Repository/vibe2/node_modules/@rollup/rollup-linux-s390x-gnu'
91 silly reify ]
92 verbose reify failed optional dependency /Users/parkjongsun/Repository/vibe2/node_modules/@rollup/rollup-linux-riscv64-musl
93 silly reify mark deleted [
93 silly reify   '/Users/parkjongsun/Repository/vibe2/node_modules/@rollup/rollup-linux-riscv64-musl'
93 silly reify ]
94 verbose reify failed optional dependency /Users/parkjongsun/Repository/vibe2/node_modules/@rollup/rollup-linux-riscv64-gnu
95 silly reify mark deleted [
95 silly reify   '/Users/parkjongsun/Repository/vibe2/node_modules/@rollup/rollup-linux-riscv64-gnu'
95 silly reify ]
96 verbose reify failed optional dependency /Users/parkjongsun/Repository/vibe2/node_modules/@rollup/rollup-linux-ppc64-musl
97 silly reify mark deleted [
97 silly reify   '/Users/parkjongsun/Repository/vibe2/node_modules/@rollup/rollup-linux-ppc64-musl'
97 silly reify ]
98 verbose reify failed optional dependency /Users/parkjongsun/Repository/vibe2/node_modules/@rollup/rollup-linux-ppc64-gnu
99 silly reify mark deleted [
99 silly reify   '/Users/parkjongsun/Repository/vibe2/node_modules/@rollup/rollup-linux-ppc64-gnu'
99 silly reify ]
100 verbose reify failed optional dependency /Users/parkjongsun/Repository/vibe2/node_modules/@rollup/rollup-linux-loong64-musl
101 silly reify mark deleted [
101 silly reify   '/Users/parkjongsun/Repository/vibe2/node_modules/@rollup/rollup-linux-loong64-musl'
101 silly reify ]
102 verbose reify failed optional dependency /Users/parkjongsun/Repository/vibe2/node_modules/@rollup/rollup-linux-loong64-gnu
103 silly reify mark deleted [
103 silly reify   '/Users/parkjongsun/Repository/vibe2/node_modules/@rollup/rollup-linux-loong64-gnu'
103 silly reify ]
104 verbose reify failed optional dependency /Users/parkjongsun/Repository/vibe2/node_modules/@rollup/rollup-linux-arm64-musl
105 silly reify mark deleted [
105 silly reify   '/Users/parkjongsun/Repository/vibe2/node_modules/@rollup/rollup-linux-arm64-musl'
105 silly reify ]
106 verbose reify failed optional dependency /Users/parkjongsun/Repository/vibe2/node_modules/@rollup/rollup-linux-arm64-gnu
107 silly reify mark deleted [
107 silly reify   '/Users/parkjongsun/Repository/vibe2/node_modules/@rollup/rollup-linux-arm64-gnu'
107 silly reify ]
108 verbose reify failed optional dependency /Users/parkjongsun/Repository/vibe2/node_modules/@rollup/rollup-linux-arm-musleabihf
109 silly reify mark deleted [
109 silly reify   '/Users/parkjongsun/Repository/vibe2/node_modules/@rollup/rollup-linux-arm-musleabihf'
109 silly reify ]
110 verbose reify failed optional dependency /Users/parkjongsun/Repository/vibe2/node_modules/@rollup/rollup-linux-arm-gnueabihf
111 silly reify mark deleted [
111 silly reify   '/Users/parkjongsun/Repository/vibe2/node_modules/@rollup/rollup-linux-arm-gnueabihf'
111 silly reify ]
112 verbose reify failed optional dependency /Users/parkjongsun/Repository/vibe2/node_modules/@rollup/rollup-freebsd-x64
113 silly reify mark deleted [
113 silly reify   '/Users/parkjongsun/Repository/vibe2/node_modules/@rollup/rollup-freebsd-x64'
113 silly reify ]
114 verbose reify failed optional dependency /Users/parkjongsun/Repository/vibe2/node_modules/@rollup/rollup-freebsd-arm64
115 silly reify mark deleted [
115 silly reify   '/Users/parkjongsun/Repository/vibe2/node_modules/@rollup/rollup-freebsd-arm64'
115 silly reify ]
116 verbose reify failed optional dependency /Users/parkjongsun/Repository/vibe2/node_modules/@rollup/rollup-darwin-x64
117 silly reify mark deleted [
117 silly reify   '/Users/parkjongsun/Repository/vibe2/node_modules/@rollup/rollup-darwin-x64'
117 silly reify ]
118 verbose reify failed optional dependency /Users/parkjongsun/Repository/vibe2/node_modules/@rollup/rollup-android-arm64
119 silly reify mark deleted [
119 silly reify   '/Users/parkjongsun/Repository/vibe2/node_modules/@rollup/rollup-android-arm64'
119 silly reify ]
120 verbose reify failed optional dependency /Users/parkjongsun/Repository/vibe2/node_modules/@rollup/rollup-android-arm-eabi
121 silly reify mark deleted [
121 silly reify   '/Users/parkjongsun/Repository/vibe2/node_modules/@rollup/rollup-android-arm-eabi'
121 silly reify ]
122 verbose reify failed optional dependency /Users/parkjongsun/Repository/vibe2/node_modules/@esbuild/win32-x64
123 silly reify mark deleted [
123 silly reify   '/Users/parkjongsun/Repository/vibe2/node_modules/@esbuild/win32-x64'
123 silly reify ]
124 verbose reify failed optional dependency /Users/parkjongsun/Repository/vibe2/node_modules/@esbuild/win32-ia32
125 silly reify mark deleted [
125 silly reify   '/Users/parkjongsun/Repository/vibe2/node_modules/@esbuild/win32-ia32'
125 silly reify ]
126 verbose reify failed optional dependency /Users/parkjongsun/Repository/vibe2/node_modules/@esbuild/win32-arm64
127 silly reify mark deleted [
127 silly reify   '/Users/parkjongsun/Repository/vibe2/node_modules/@esbuild/win32-arm64'
127 silly reify ]
128 verbose reify failed optional dependency /Users/parkjongsun/Repository/vibe2/node_modules/@esbuild/sunos-x64
129 silly reify mark deleted [
129 silly reify   '/Users/parkjongsun/Repository/vibe2/node_modules/@esbuild/sunos-x64'
129 silly reify ]
130 verbose reify failed optional dependency /Users/parkjongsun/Repository/vibe2/node_modules/@esbuild/openharmony-arm64
131 silly reify mark deleted [
131 silly reify   '/Users/parkjongsun/Repository/vibe2/node_modules/@esbuild/openharmony-arm64'
131 silly reify ]
132 verbose reify failed optional dependency /Users/parkjongsun/Repository/vibe2/node_modules/@esbuild/openbsd-x64
133 silly reify mark deleted [
133 silly reify   '/Users/parkjongsun/Repository/vibe2/node_modules/@esbuild/openbsd-x64'
133 silly reify ]
134 verbose reify failed optional dependency /Users/parkjongsun/Repository/vibe2/node_modules/@esbuild/openbsd-arm64
135 silly reify mark deleted [
135 silly reify   '/Users/parkjongsun/Repository/vibe2/node_modules/@esbuild/openbsd-arm64'
135 silly reify ]
136 verbose reify failed optional dependency /Users/parkjongsun/Repository/vibe2/node_modules/@esbuild/netbsd-x64
137 silly reify mark deleted [
137 silly reify   '/Users/parkjongsun/Repository/vibe2/node_modules/@esbuild/netbsd-x64'
137 silly reify ]
138 verbose reify failed optional dependency /Users/parkjongsun/Repository/vibe2/node_modules/@esbuild/netbsd-arm64
139 silly reify mark deleted [
139 silly reify   '/Users/parkjongsun/Repository/vibe2/node_modules/@esbuild/netbsd-arm64'
139 silly reify ]
140 verbose reify failed optional dependency /Users/parkjongsun/Repository/vibe2/node_modules/@esbuild/linux-x64
141 silly reify mark deleted [
141 silly reify   '/Users/parkjongsun/Repository/vibe2/node_modules/@esbuild/linux-x64'
141 silly reify ]
142 verbose reify failed optional dependency /Users/parkjongsun/Repository/vibe2/node_modules/@esbuild/linux-s390x
143 silly reify mark deleted [
143 silly reify   '/Users/parkjongsun/Repository/vibe2/node_modules/@esbuild/linux-s390x'
143 silly reify ]
144 verbose reify failed optional dependency /Users/parkjongsun/Repository/vibe2/node_modules/@esbuild/linux-riscv64
145 silly reify mark deleted [
145 silly reify   '/Users/parkjongsun/Repository/vibe2/node_modules/@esbuild/linux-riscv64'
145 silly reify ]
146 verbose reify failed optional dependency /Users/parkjongsun/Repository/vibe2/node_modules/@esbuild/linux-ppc64
147 silly reify mark deleted [
147 silly reify   '/Users/parkjongsun/Repository/vibe2/node_modules/@esbuild/linux-ppc64'
147 silly reify ]
148 verbose reify failed optional dependency /Users/parkjongsun/Repository/vibe2/node_modules/@esbuild/linux-mips64el
149 silly reify mark deleted [
149 silly reify   '/Users/parkjongsun/Repository/vibe2/node_modules/@esbuild/linux-mips64el'
149 silly reify ]
150 verbose reify failed optional dependency /Users/parkjongsun/Repository/vibe2/node_modules/@esbuild/linux-loong64
151 silly reify mark deleted [
151 silly reify   '/Users/parkjongsun/Repository/vibe2/node_modules/@esbuild/linux-loong64'
151 silly reify ]
152 verbose reify failed optional dependency /Users/parkjongsun/Repository/vibe2/node_modules/@esbuild/linux-ia32
153 silly reify mark deleted [
153 silly reify   '/Users/parkjongsun/Repository/vibe2/node_modules/@esbuild/linux-ia32'
153 silly reify ]
154 verbose reify failed optional dependency /Users/parkjongsun/Repository/vibe2/node_modules/@esbuild/linux-arm64
155 silly reify mark deleted [
155 silly reify   '/Users/parkjongsun/Repository/vibe2/node_modules/@esbuild/linux-arm64'
155 silly reify ]
156 verbose reify failed optional dependency /Users/parkjongsun/Repository/vibe2/node_modules/@esbuild/linux-arm
157 silly reify mark deleted [
157 silly reify   '/Users/parkjongsun/Repository/vibe2/node_modules/@esbuild/linux-arm'
157 silly reify ]
158 verbose reify failed optional dependency /Users/parkjongsun/Repository/vibe2/node_modules/@esbuild/freebsd-x64
159 silly reify mark deleted [
159 silly reify   '/Users/parkjongsun/Repository/vibe2/node_modules/@esbuild/freebsd-x64'
159 silly reify ]
160 verbose reify failed optional dependency /Users/parkjongsun/Repository/vibe2/node_modules/@esbuild/freebsd-arm64
161 silly reify mark deleted [
161 silly reify   '/Users/parkjongsun/Repository/vibe2/node_modules/@esbuild/freebsd-arm64'
161 silly reify ]
162 verbose reify failed optional dependency /Users/parkjongsun/Repository/vibe2/node_modules/@esbuild/darwin-x64
163 silly reify mark deleted [
163 silly reify   '/Users/parkjongsun/Repository/vibe2/node_modules/@esbuild/darwin-x64'
163 silly reify ]
164 verbose reify failed optional dependency /Users/parkjongsun/Repository/vibe2/node_modules/@esbuild/android-x64
165 silly reify mark deleted [
165 silly reify   '/Users/parkjongsun/Repository/vibe2/node_modules/@esbuild/android-x64'
165 silly reify ]
166 verbose reify failed optional dependency /Users/parkjongsun/Repository/vibe2/node_modules/@esbuild/android-arm64
167 silly reify mark deleted [
167 silly reify   '/Users/parkjongsun/Repository/vibe2/node_modules/@esbuild/android-arm64'
167 silly reify ]
168 verbose reify failed optional dependency /Users/parkjongsun/Repository/vibe2/node_modules/@esbuild/android-arm
169 silly reify mark deleted [
169 silly reify   '/Users/parkjongsun/Repository/vibe2/node_modules/@esbuild/android-arm'
169 silly reify ]
170 verbose reify failed optional dependency /Users/parkjongsun/Repository/vibe2/node_modules/@esbuild/aix-ppc64
171 silly reify mark deleted [
171 silly reify   '/Users/parkjongsun/Repository/vibe2/node_modules/@esbuild/aix-ppc64'
171 silly reify ]
172 http cache @vitejs/plugin-basic-ssl@https://registry.npmjs.org/@vitejs/plugin-basic-ssl/-/plugin-basic-ssl-2.1.4.tgz 0ms (cache hit)
173 http cache fsevents@https://registry.npmjs.org/fsevents/-/fsevents-2.3.3.tgz 0ms (cache hit)
174 silly tarball no local data for @vitejs/plugin-basic-ssl@https://registry.npmjs.org/@vitejs/plugin-basic-ssl/-/plugin-basic-ssl-2.1.4.tgz. Extracting by manifest.
175 http fetch POST 200 https://registry.npmjs.org/-/npm/v1/security/advisories/bulk 162ms
176 silly audit report {}
177 http fetch GET 200 https://registry.npmjs.org/@vitejs/plugin-basic-ssl/-/plugin-basic-ssl-2.1.4.tgz 258ms (cache miss)
178 silly ADD node_modules/@vitejs/plugin-basic-ssl
179 silly ADD node_modules/fsevents
180 silly ADD node_modules/@rollup/rollup-win32-x64-msvc
181 silly ADD node_modules/@rollup/rollup-win32-x64-gnu
182 silly ADD node_modules/@rollup/rollup-win32-ia32-msvc
183 silly ADD node_modules/@rollup/rollup-win32-arm64-msvc
184 silly ADD node_modules/@rollup/rollup-openharmony-arm64
185 silly ADD node_modules/@rollup/rollup-openbsd-x64
186 silly ADD node_modules/@rollup/rollup-linux-x64-musl
187 silly ADD node_modules/@rollup/rollup-linux-x64-gnu
188 silly ADD node_modules/@rollup/rollup-linux-s390x-gnu
189 silly ADD node_modules/@rollup/rollup-linux-riscv64-musl
190 silly ADD node_modules/@rollup/rollup-linux-riscv64-gnu
191 silly ADD node_modules/@rollup/rollup-linux-ppc64-musl
192 silly ADD node_modules/@rollup/rollup-linux-ppc64-gnu
193 silly ADD node_modules/@rollup/rollup-linux-loong64-musl
194 silly ADD node_modules/@rollup/rollup-linux-loong64-gnu
195 silly ADD node_modules/@rollup/rollup-linux-arm64-musl
196 silly ADD node_modules/@rollup/rollup-linux-arm64-gnu
197 silly ADD node_modules/@rollup/rollup-linux-arm-musleabihf
198 silly ADD node_modules/@rollup/rollup-linux-arm-gnueabihf
199 silly ADD node_modules/@rollup/rollup-freebsd-x64
200 silly ADD node_modules/@rollup/rollup-freebsd-arm64
201 silly ADD node_modules/@rollup/rollup-darwin-x64
202 silly ADD node_modules/@rollup/rollup-android-arm64
203 silly ADD node_modules/@rollup/rollup-android-arm-eabi
204 silly ADD node_modules/@esbuild/win32-x64
205 silly ADD node_modules/@esbuild/win32-ia32
206 silly ADD node_modules/@esbuild/win32-arm64
207 silly ADD node_modules/@esbuild/sunos-x64
208 silly ADD node_modules/@esbuild/openharmony-arm64
209 silly ADD node_modules/@esbuild/openbsd-x64
210 silly ADD node_modules/@esbuild/openbsd-arm64
211 silly ADD node_modules/@esbuild/netbsd-x64
212 silly ADD node_modules/@esbuild/netbsd-arm64
213 silly ADD node_modules/@esbuild/linux-x64
214 silly ADD node_modules/@esbuild/linux-s390x
215 silly ADD node_modules/@esbuild/linux-riscv64
216 silly ADD node_modules/@esbuild/linux-ppc64
217 silly ADD node_modules/@esbuild/linux-mips64el
218 silly ADD node_modules/@esbuild/linux-loong64
219 silly ADD node_modules/@esbuild/linux-ia32
220 silly ADD node_modules/@esbuild/linux-arm64
221 silly ADD node_modules/@esbuild/linux-arm
222 silly ADD node_modules/@esbuild/freebsd-x64
223 silly ADD node_modules/@esbuild/freebsd-arm64
224 silly ADD node_modules/@esbuild/darwin-x64
225 silly ADD node_modules/@esbuild/android-x64
226 silly ADD node_modules/@esbuild/android-arm64
227 silly ADD node_modules/@esbuild/android-arm
228 silly ADD node_modules/@esbuild/aix-ppc64
229 verbose cwd /Users/parkjongsun/Repository/vibe2
230 verbose os Darwin 25.2.0
231 verbose node v24.4.1
232 verbose npm  v11.4.2
233 verbose exit 0
234 info ok
